******* INIZIO RIGENERAZIONE VISTE SU DATABASE Valvorobica *****
Rimozione di 1005 viste
0	start: THERA.ACTIVE_CONFLICTS_1 :end
0	start: THERA.ACTIVE_CONFLICTS_2 :end
0	start: THIP.AGENTI_V01 :end
1	start: THIP.AGENTI_V02 :end
1	start: THIP.ALLEGATI_DOC_DGT_V01 :end
1	start: THIP.AMB_PGM_REP_V01 :end
2	start: THIP.ANAGRA_EXT_V01 :end
2	start: THIP.ANAGRAFICO_BAS_V01 :end
2	start: THIP.ANAGRAFICO_BAS_V02 :end
3	start: THIP.ANALISI_CONT_TOT_IMPORTI_WP :end
4	start: THIP.AREE_FUNZIO_V01 :end
4	start: THIP.ART_ALTERN_COM_V01 :end
5	start: THIP.ART_ALTERN_COM_V02 :end
5	start: THIP.ART_ESCLUSIONI_V01 :end
5	start: THIP.ART_ESCLUSIONI_V02 :end
5	start: THIP.ART_ESTESI_V01 :end
5	start: THIP.ART_FOR_RDA_V01 :end
5	start: THIP.ART_FORPRF_ACQ_FIRST :end
6	start: THIP.ART_FORPRF_ACQ_MINSEQ :end
6	start: THIP.ART_FORPRF_CL_FIRST :end
7	start: THIP.ART_FORPRF_CL_MINSEQ :end
7	start: THIP.ART_SCELTE_V01 :end
7	start: THIP.ART_UNITA_MIS_V01 :end
7	start: THIP.ART_VERS_CONF_V01 :end
7	start: THIP.ARTICOLI_ALTERN_V01 :end
8	start: THIP.ARTICOLI_ALTERN_V02 :end
8	start: THIP.ARTICOLI_V01 :end
8	start: THIP.ARTICOLO_IMMAGINE :end
8	start: THIP.ASO_FLAG_PRM_V01 :end
8	start: THIP.ASO_FLAG_SEC_V01 :end
8	start: THIP.ATOMOS_ALLOCAZIONI :end
8	start: THIP.ATOMOS_MOVIMENTI_CONS :end
8	start: THIP.ATOMOS_PROD :end
8	start: THIP.ATP_ORDVEN_RIG_V01 :end
8	start: THIP.ATTREZZI_V01 :end
8	start: THIP.AZIENDE :end
8	start: THIP.AZIENDE_ESTESE_V01 :end
9	start: THIP.AZIENDE_L_V01 :end
9	start: THIP.AZIENDE_V01 :end
9	start: FINANCE.BBANIPTV1 :end
9	start: FINANCE.BCFPRVG :end
9	start: THIP.BENE_ANAGR_LOCAZ_V01 :end
9	start: THIP.BENE_ANAGR_V01 :end
9	start: THIP.BENE_ASSEGNAZ_V01 :end
9	start: THIP.BENE_DATI_TEC_V01 :end
9	start: THIP.BENE_DOTAZ_V01 :end
9	start: THIP.BENE_DOTAZ_V02 :end
9	start: THIP.BENE_SCAD_V01 :end
9	start: THIP.BOL_PRD_V01 :end
9	start: THIP.CATAL_ESTERNO_V02 :end
9	start: THIP.CATAL_LST_ACQ_V01 :end
9	start: THIP.CATAL_LST_ACQ_V02 :end
9	start: THIP.CATAL_LST_ESN_V02 :end
9	start: THIP.CATAL_LST_VEN_V01 :end
9	start: THIP.CATAL_LST_VEN_V02 :end
9	start: THIP.CATALOGO_ART_V01 :end
9	start: THIP.CATALOGO_ART_V02 :end
9	start: THIP.CAU_MMG_ACQ_V01 :end
9	start: THIP.CAU_MMG_GEN_V01 :end
9	start: THIP.CAU_MMG_PR_DIS_V01 :end
9	start: THIP.CAU_MMG_PR_PRD_V01 :end
9	start: THIP.CAU_MMG_PR_SRV_V01 :end
9	start: THIP.CAU_MMG_RI_SED_V01 :end
9	start: THIP.CAU_MMG_SP_SED_V01 :end
9	start: THIP.CAU_MMG_VE_DIS_V01 :end
9	start: THIP.CAU_MMG_VE_PRD_V01 :end
9	start: THIP.CAU_MMG_VE_SRV_V01 :end
9	start: THIP.CAU_MMG_VE_V01 :end
9	start: THIP.CENTRI_LAVORO_V01 :end
9	start: THIP.CHECK_FATACQ_V01 :end
9	start: THIP.CHK_BLOCCO_LSP_V01 :end
9	start: THIP.CKL_DOMINIO_V01 :end
9	start: THIP.CKL_ESEC_PROG_V01 :end
9	start: THIP.CKL_OGGETTO_V02 :end
9	start: THIP.CKL_PROCESSO_V01 :end
9	start: THIP.CKL_PROG_V01 :end
9	start: THIP.CLG_DOCACQ_V01 :end
9	start: THIP.CLG_DOCVEN_V01 :end
9	start: THIP.CLI_RAPPR_FISCALI_V01 :end
9	start: THIP.CLI_VEN_DIV_VIEW :end
9	start: THIP.CLI_VEN_V01 :end
10	start: THIP.CLIENTI_CERVED :end
10	start: THIP.CLIENTI_CMM_V01 :end
11	start: THIP.CLIENTI_VENDITA_VIEW :end
11	start: THIP.CLIENTI_VENDITA_VIEW02 :end
11	start: THIP.CM_ANAG_BAS_V01 :end
11	start: THIP.CM_CLI_CON_DIV_V01 :end
11	start: THIP.CM_CLIENTI_V01 :end
11	start: THIP.CM_DOC_SSD_OGG_V01 :end
11	start: THIP.CM_DOC_SSD_V01 :end
11	start: THIP.CM_FOR_CON_DIV_V01 :end
11	start: THIP.CM_FORNIT_BAN_V01 :end
11	start: THIP.CM_FORNITORI_V01 :end
11	start: THIP.CM_INDIRIZZI_V01 :end
11	start: THIP.CM_RUBRICA_V01 :end
11	start: THIP.CNT_SRV_RIG_V01 :end
11	start: THIP.CNT_SRV_RIG_V02 :end
11	start: THIP.CNT_SRV_RIG_V03 :end
11	start: THIP.COMMESSE_V01 :end
11	start: THIP.CONAI_DOCVEN_ROUND_V01 :end
11	start: THIP.CONAI_DOCVEN_ROUND6_V01 :end
11	start: THIP.CONAI_ORDVEN_ROUND_V01 :end
11	start: THIP.CONTATTI_CERVED :end
11	start: THIP.COSTI_NQ_RIGHE_V01 :end
11	start: THIP.CRP_CARICO_DET_V01 :end
11	start: THIP.CRP_CARICO_V01 :end
11	start: THIP.CRP_ORD_V01 :end
11	start: THIP.CRP_ORDATV_V01 :end
11	start: THIP.CRP_ORDRSR_V01 :end
11	start: THIP.CRP_STRUTTURA_V01 :end
11	start: THIP.DDT_NO_FATT_TOT_WP :end
12	start: THIP.DDT_NO_FATT_WP :end
12	start: THIP.DDT_RIG_PRM_V01 :end
12	start: THIP.DDT_RIG_SEC_V01 :end
12	start: THIP.DDT_RIGPRM_LOT_V01 :end
12	start: THIP.DDT_RIGSEC_LOT_V01 :end
12	start: THIP.DDTACQ_RIG_VISTA_V01 :end
12	start: THIP.DDTVEN_RIG_VISTA_V01 :end
12	start: THIP.DESTINATARI_FATTPA_V01 :end
12	start: THIP.DESTINATARI_V01 :end
13	start: THIP.DIPENDENTE_IMMAGINE :end
13	start: THIP.DIPENDENTI_V01 :end
13	start: THIP.DIPENDENTI_V02 :end
14	start: THIP.DISTINTE_LEG_V01 :end
14	start: THIP.DOC_ACQ_BOLLA_V01 :end
14	start: THIP.DOC_ACQ_FATT_V01 :end
15	start: THIP.DOC_ACQ_NO_FATT_V01 :end
16	start: THIP.DOC_ACQ_RIF_TER :end
16	start: THIP.DOC_ACQ_RIG_FAT_V01 :end
17	start: SOFTRE.DOC_ACQ_RIG_PRL_LOGIS_V01 :end
18	start: THIP.DOC_ACQ_RIG_V01 :end
19	start: THIP.DOC_ACQ_RIG_V02 :end
19	start: SOFTRE.DOC_ACQ_TES_PRL_LOGIS_V01 :end
20	start: THIP.DOC_ACQ_V01 :end
21	start: THIP.DOC_ACQ_V02 :end
21	start: THIP.DOC_ACQ_V03 :end
21	start: THIP.DOC_DGT_ACQ_V01 :end
22	start: THIP.DOC_DGT_ALLEGATI :end
23	start: THIP.DOC_DGT_CORRENTE_VALIDO :end
23	start: THIP.DOC_DGT_OGG_COUNT_V01 :end
23	start: THIP.DOC_DGT_PATH_CALCOLO :end
23	start: THIP.DOC_DGT_V01 :end
24	start: THIP.DOC_DGT_V02 :end
25	start: THIP.DOC_DGT_VEN_V01 :end
26	start: THIP.DOC_SRV_TXT :end
26	start: THIP.DOC_SRV_V01 :end
26	start: THIP.DOC_VEN_BOLLA_V01 :end
26	start: THIP.DOC_VEN_FAT_V03 :end
26	start: THIP.DOC_VEN_FATT_V01 :end
26	start: THIP.DOC_VEN_NO_FAT_V03 :end
26	start: THIP.DOC_VEN_NO_FATT_V01 :end
26	start: THIP.DOC_VEN_PKL_V01 :end
26	start: THIP.DOC_VEN_PKL_V03 :end
26	start: THIP.DOC_VEN_PKL_V04 :end
26	start: THIP.DOC_VEN_PPL_LL_V01 :end
26	start: THIP.DOC_VEN_PPL_V01 :end
26	start: THIP.DOC_VEN_PPL_VX0 :end
27	start: THIP.DOC_VEN_PPL_VX1 :end
28	start: THIP.DOC_VEN_PPL_VXX :end
28	start: SOFTRE.DOC_VEN_RIG_PRL_LOGIS_V01 :end
29	start: THIP.DOC_VEN_RIG_V01 :end
30	start: SOFTRE.DOC_VEN_TES_PRL_LOGIS_V01 :end
31	start: THIP.DOC_VEN_TES_V01 :end
31	start: THIP.DOC_VEN_TES_V02 :end
32	start: THIP.DOC_VEN_TES_V09 :end
32	start: THIP.DOC_VEN_TES_V10 :end
32	start: THIP.DOC_VEN_V01 :end
32	start: THIP.DOC_VEN_V02 :end
32	start: THIP.DOC_VEN_V03 :end
32	start: THIP.DOCACQ_CNR_PRM_V01 :end
32	start: THIP.DOCACQ_CNR_SEC_V01 :end
32	start: THIP.DOCACQ_CTRL_FAT_V01 :end
32	start: THIP.DOCACQ_FATCTRL_V01 :end
32	start: THIP.DOCACQ_LOT_PRM_V01 :end
32	start: THIP.DOCACQ_LOT_SEC_V01 :end
32	start: THIP.DOCACQ_RIG_PRM_V01 :end
32	start: THIP.DOCACQ_RIG_SEC_V01 :end
32	start: THIP.DOCACQ_RIG_TES_V01 :end
32	start: THIP.DOCACQ_RIG_VISTA_V01 :end
32	start: THIP.DOCACQ_SDT_V01 :end
32	start: THIP.DOCDGT_DOCACQ_BEM :end
32	start: THIP.DOCDGT_DOCACQ_DDT :end
32	start: THIP.DOCDGT_DOCSRV :end
32	start: THIP.DOCDGT_DOCVEN_BEM :end
32	start: THIP.DOCDGT_DOCVEN_DDT :end
32	start: THIP.DOCDGT_DOCVEN_FAT :end
32	start: THIP.DOCDGT_DOCVEN_FATACC :end
32	start: THIP.DOCDGT_NO_VERS_V01 :end
32	start: THIP.DOCDGT_OFFACQ :end
32	start: THIP.DOCDGT_OFFVEN :end
32	start: THIP.DOCDGT_ORDACQ :end
32	start: THIP.DOCDGT_ORDSRV :end
32	start: THIP.DOCDGT_ORDSRV_INT :end
32	start: THIP.DOCDGT_ORDVEN :end
32	start: THIP.DOCDGT_ORDVEN_FATPFM :end
32	start: THIP.DOCDGT_RIF_RDS_V01 :end
32	start: THIP.DOCDGT_VALIDI :end
32	start: THIP.DOCEVAACQ_ESR_V01 :end
32	start: THIP.DOCEVAACQ_ESR_V02 :end
32	start: THIP.DOCEVAVEN_ESR_V01 :end
32	start: THIP.DOCEVAVEN_ESR_V02 :end
32	start: THIP.DOCMAGGEN_RIG_VISTA_V01 :end
32	start: THIP.DOCMAGTRASF_RIG_VISTA_V01 :end
32	start: THIP.DOCMAGVERSDIST_RIG_VISTA_V01 :end
32	start: THIP.DOCPRD_ATTMAT_V01 :end
32	start: THIP.DOCPRD_ATTPRD_V01 :end
32	start: THIP.DOCPRD_ATTRSR_V01 :end
32	start: THIP.DOCSRV_ATTMAT_V01 :end
32	start: THIP.DOCSRV_ATTRSR_V01 :end
32	start: THIP.DOCSRV_ATTSPS_V01 :end
32	start: THIP.DOCSRV_RIGHE_V01 :end
32	start: THIP.DOCSSD_DOCACQ_BEM :end
32	start: THIP.DOCSSD_DOCACQ_DDT :end
32	start: THIP.DOCSSD_DOCSRV :end
32	start: THIP.DOCSSD_DOCVEN_BEM :end
32	start: THIP.DOCSSD_DOCVEN_DDT :end
32	start: THIP.DOCSSD_DOCVEN_FAT :end
32	start: THIP.DOCSSD_DOCVEN_FATACC :end
32	start: THIP.DOCSSD_OFFACQ :end
32	start: THIP.DOCSSD_OFFVEN :end
32	start: THIP.DOCSSD_ORDACQ :end
32	start: THIP.DOCSSD_ORDSRV :end
32	start: THIP.DOCSSD_ORDSRV_INT :end
32	start: THIP.DOCSSD_ORDVEN :end
32	start: THIP.DOCSSD_ORDVEN_FATPFM :end
32	start: THIP.DOCUMENTI_MM_V01 :end
32	start: THIP.DOCUMENTI_OPR_V01 :end
32	start: THIP.DOCUMENTI_SSD_V01 :end
32	start: THIP.DOCUMENTI_SSD_V02 :end
32	start: THIP.DOCVEN_AVSP_V01 :end
32	start: THIP.DOCVEN_CNR_PRM_V01 :end
32	start: THIP.DOCVEN_CNR_SEC_V01 :end
32	start: THIP.DOCVEN_LOT_PRM_V01 :end
32	start: THIP.DOCVEN_LOT_SEC_V01 :end
32	start: THIP.DOCVEN_RIG_PRM_V01 :end
32	start: THIP.DOCVEN_RIG_PRM_V02 :end
32	start: THIP.DOCVEN_RIG_SEC_V01 :end
32	start: THIP.DOCVEN_RIG_TES_V01 :end
32	start: THIP.DOCVEN_RIG_VISTA_V01 :end
32	start: THIP.DOCVEN_SDT_V01 :end
32	start: THIP.DOCVEN_SDT_V02 :end
33	start: THIP.DOCVEN_TP_BENE_V00 :end
33	start: THIP.DOCVEN_TP_BENE_V01 :end
33	start: THIP.DOCVSD_LOT_PRM_V01 :end
33	start: THIP.DOCVSD_LOT_SEC_V01 :end
33	start: THIP.DOCVSD_RIG_PRM_V01 :end
33	start: THIP.DOCVSD_RIG_SEC_V01 :end
33	start: THIP.ENTITA_PROPAG_V01 :end
33	start: THIP.ENTITY_V01 :end
33	start: THIP.ERP_CICLI_ORDINI :end
33	start: THIP.ERP_DISTINTE_ORDINI :end
33	start: THIP.ERP_GIACENZE :end
33	start: THIP.ERP_O_F :end
33	start: THIP.ERP_O_F_ITEMS :end
33	start: THIP.ERP_ODL :end
33	start: THIP.ERP_ODL_DEL :end
33	start: THIP.ERP_PARTI :end
33	start: THIP.ERP_PROD :end
33	start: THIP.ETICHETTE :end
33	start: THIP.EVAOFFACQ_ESR_V01 :end
33	start: THIP.EVAOFFVEN_ESR_V01 :end
33	start: THIP.F9DRB01L :end
33	start: THIP.FAILED_LOGIN_LOG_V01 :end
33	start: THIP.FAT_ACQ_V01 :end
34	start: THIP.FATACQ_DOCACQ_V01 :end
34	start: THIP.FATACQ_DOCACQ_V21 :end
34	start: THIP.FATACQ_ORDACQ_V01 :end
34	start: THIP.FATACQ_RIGACQ_V01 :end
34	start: THIP.FATT_NO_CONT_TOT_WP :end
35	start: THIP.FATT_NO_CONT_WP :end
35	start: THIP.FATVEN_EDIV01 :end
35	start: THIP.FATVEN_EDIV02 :end
35	start: THIP.FATVEN_FP :end
35	start: THIP.FATVEN_SDI_V01 :end
35	start: THIP.FATVEN_V01 :end
35	start: THIP.FATVEN_V02 :end
35	start: THIP.FIXES_DOCS_V01 :end
35	start: THIP.FIXES_TICKETS_V01 :end
35	start: THIP.FOR_ACQ__DIV_VIEW :end
35	start: THIP.FOR_ACQ_V01 :end
36	start: THIP.FOR_ACQ_VIEW :end
36	start: THIP.FORN_LAV_ESN_V01 :end
36	start: THIP.FORNITORI_CERVED :end
36	start: THIP.FPPRO00F_V01 :end
36	start: THIP.GIAC_CONS_CLI_V01 :end
36	start: THIP.GIAC_CONS_FOR_V01 :end
36	start: THIP.GIAC_CONS_V01 :end
36	start: THIP.GPC0DPT_V01 :end
36	start: THIP.GPC0PT_V01 :end
36	start: THIP.GPD0DPT_V01 :end
36	start: THIP.GPD0PT_V01 :end
36	start: THIP.GPS1DPT_V01 :end
36	start: THIP.GPS1PT_V01 :end
36	start: THIP.GPS2DPT_V01 :end
36	start: THIP.GPS2PT_V01 :end
36	start: THIP.GPS3DPT_V01 :end
36	start: THIP.GPS3PT_V01 :end
36	start: THIP.GPS4DPT_V01 :end
36	start: THIP.GPS4PT_V01 :end
36	start: THIP.GPS5DPT_V01 :end
36	start: THIP.GPS5PT_V01 :end
36	start: THIP.GPV0DPT_V01 :end
36	start: THIP.GPV0PT_V01 :end
36	start: THERA.GROUP_AUTHORITIES_V01 :end
36	start: THIP.GRP_CNT_SPC_CA_V01 :end
36	start: THIP.IMGPATHTOSCAN :end
36	start: THIP.IMPLOSIONE_V01 :end
36	start: THIP.INDIRIZZI_V01 :end
36	start: THIP.IOF_CONS :end
36	start: THIP.IOF_CONS_FRM :end
36	start: THIP.IOF_CONS_MAT :end
36	start: THIP.IOF_DIPENDENTI :end
36	start: THIP.IOF_ORD_ESEC :end
36	start: THIP.IOF_ORDESE_ATV :end
36	start: THIP.IOF_ORDINI :end
36	start: THIP.IOF_PRIORITA :end
36	start: THIP.IOF_RISORSE :end
36	start: THIP.KANBAN_VISTA_V01 :end
36	start: THIP.LANGUAGE_AZ_V01 :end
36	start: THIP.LANGUAGE_AZ_V02 :end
36	start: THIP.LISTA_PRL_TES_RIG_V01 :end
36	start: LOGIS.LISTE_CARICOCAM_V01 :end
36	start: THIP.LISTINIACQ_SCAGLIONI_V01 :end
37	start: THIP.LISTINIVEN_SCAGLIONI_V01 :end
38	start: LOGIS.LLISTA_TESTA_LUDS_RIGA_V01 :end
38	start: THIP.LOG_TASK_V01 :end
39	start: THIP.LOG_UPDATE_V01 :end
40	start: THIP.LOTTI_MATRICOLE_V01 :end
40	start: THIP.LOTTI_SALDI_CLI_V01 :end
40	start: THIP.LOTTI_SALDI_COM_V01 :end
40	start: THIP.LOTTI_SALDI_COM_V02 :end
40	start: THIP.LOTTI_SALDI_FOR_V01 :end
40	start: THIP.LOTTI_SALDI_V01 :end
40	start: THIP.LOTTI_SALDI_V02 :end
40	start: THIP.LOTTI_SALDI_V03 :end
40	start: THIP.LOTTI_V01 :end
40	start: THIP.LSP_FABBI_V01 :end
40	start: THIP.LSPDOCVENRIG_V01 :end
40	start: THIP.LSPEVAVEN_ESR_V01 :end
40	start: THIP.LST_ACQ_RIG_TES_V01 :end
40	start: THIP.LST_ACQ_RIG_V01 :end
40	start: THIP.LST_ACQ_V01 :end
40	start: THIP.LST_VEN_EXP_OB_V01 :end
40	start: THIP.LST_VEN_EXP_OB_V02 :end
40	start: THIP.LST_VEN_RIG_TES_V01 :end
40	start: THIP.LST_VEN_RIG_V01 :end
40	start: THIP.LST_VEN_V01 :end
41	start: THIP.LSTACQ_RIG_CTG_V01 :end
41	start: THIP.LSTACQ_RIG_CTG_V02 :end
41	start: THIP.LSTACQ_SCN_RIG_TES_V01 :end
41	start: THIP.LSTACQ_SCN_V01 :end
41	start: THIP.LSTESN_RIG_CTG_V02 :end
41	start: THIP.LSTVEN_RIG_CTG_V01 :end
41	start: THIP.LSTVEN_RIG_CTG_V02 :end
41	start: THIP.LSTVEN_SCN_RIG_TES_V01 :end
41	start: THIP.LSTVEN_SCN_V01 :end
41	start: THIP.MACCHINE_V01 :end
41	start: THIP.MKT_CAMP_DEST_V01 :end
41	start: THIP.MKT_CAMP_DEST_V02 :end
41	start: THIP.MKT_CAMP_GRP_V01 :end
41	start: THIP.MKT_NEWS_V01 :end
41	start: THIP.MODPRO_ATV_MAT_V01 :end
41	start: THIP.MODPRO_ATV_MAT_V02 :end
41	start: THIP.MODPRO_ATV_MAT_V03 :end
41	start: THIP.MODPRO_ATV_MAT_V04 :end
41	start: THIP.MODPRO_ATV_MAT_V05 :end
41	start: THIP.MODPRO_ATV_PRD_V01 :end
41	start: THIP.MODPRO_ATV_PRD_V03 :end
41	start: THIP.MODPRO_ATV_PRD_V04 :end
41	start: THIP.MODPRO_ATV_PRD_V05 :end
41	start: THIP.MODPRO_ATV_RSR_V01 :end
41	start: THIP.MODPRO_ATV_RSR_V02 :end
41	start: THIP.MODPRO_ATV_RSR_V03 :end
41	start: THIP.MODPRO_ATV_V01 :end
41	start: THIP.MODPRO_ATV_V02 :end
41	start: THIP.MODPRO_ATV_V03 :end
41	start: THIP.MODPRO_ATV_V04 :end
41	start: THIP.MODPRO_ATV_V05 :end
41	start: THIP.MODPRO_V01 :end
41	start: THIP.MOVIM_MAGAZ_MAT_V01 :end
41	start: THIP.MOVIM_MAGAZ_V01 :end
41	start: THIP.MOVIM_MAGAZ_V02 :end
41	start: THIP.NAZIONI_V01 :end
41	start: THIP.NCONFORMITA_PRD_V01 :end
41	start: THIP.NIC_ATTR0S0C :end
41	start: THIP.NIC_CENT0S0A :end
41	start: THIP.NIC_CICO0S04 :end
41	start: THIP.NIC_CONS0S21 :end
41	start: THIP.NIC_DSTA0S0D :end
41	start: THIP.NIC_FERM0S14 :end
41	start: THIP.NIC_GIAC0S02 :end
41	start: THIP.NIC_MACC0S0B :end
41	start: THIP.NIC_MATE0S13 :end
41	start: THIP.NIC_MOVIOSO5 :end
41	start: THIP.NIC_ODLP0S03 :end
41	start: THIP.NIC_PART0S01 :end
41	start: THIP.NIC_PCON0S01 :end
41	start: THIP.NIC_PH_CONS0S21 :end
41	start: THIP.NIC_PH_MATE0S13 :end
41	start: THIP.NIC_PPRD0S11 :end
41	start: THIP.NIC_PVER0S01 :end
41	start: THIP.NIC_REP0S09 :end
41	start: THIP.NIC_SQUA0S0A :end
41	start: THIP.NIC_STB0S08 :end
41	start: THIP.NUM_SERIE_CAU_V01 :end
41	start: THIP.OFF_ACQ_FATT_V01 :end
41	start: THIP.OFF_ACQ_LOT_PRM_V01 :end
41	start: THIP.OFF_ACQ_LOT_SEC_V01 :end
41	start: THIP.OFF_ACQ_NO_FATT_V01 :end
41	start: THIP.OFF_ACQ_RIG_PRM_V01 :end
41	start: THIP.OFF_ACQ_RIG_SEC_V01 :end
41	start: THIP.OFF_ACQ_V01 :end
41	start: THIP.OFF_RIG_PRM_V01 :end
41	start: THIP.OFF_RIG_SEC_V02 :end
41	start: THIP.OFF_VEN_FAT_V01 :end
41	start: THIP.OFF_VEN_LOT_PRM_V01 :end
41	start: THIP.OFF_VEN_LOT_SEC_V01 :end
41	start: THIP.OFF_VEN_NO_FAT_V01 :end
41	start: THIP.OFF_VEN_RIG_PRM_V01 :end
41	start: THIP.OFF_VEN_RIG_SEC_V01 :end
41	start: THIP.OFF_VEN_V01 :end
41	start: THIP.OFFACQ_RIG_VISTA_V01 :end
41	start: THIP.OFFVEN_RIG_VISTA_V01 :end
41	start: THIP.ORD_ACQ_FATT_V01 :end
41	start: THIP.ORD_ACQ_NO_FATT_V01 :end
41	start: THIP.ORD_ACQ_RIG_V01 :end
42	start: THIP.ORD_ACQ_V01 :end
42	start: THIP.ORD_ACQ_V03 :end
42	start: THIP.ORD_ESEC_ATV_V01 :end
42	start: THIP.ORD_ESEC_ATV_V02 :end
42	start: THIP.ORD_ESEC_V01 :end
42	start: THIP.ORD_SRV_ATV_V01 :end
42	start: THIP.ORD_SRV_LTM_V01 :end
42	start: THIP.ORD_VEN_CS_V01 :end
42	start: THIP.ORD_VEN_FAT_V04 :end
42	start: THIP.ORD_VEN_FATT_V01 :end
42	start: THIP.ORD_VEN_NO_FAT_V04 :end
42	start: THIP.ORD_VEN_NO_FATT_V01 :end
42	start: THIP.ORD_VEN_RIG_V01 :end
43	start: THIP.ORD_VEN_V01 :end
43	start: THIP.ORD_VEN_V02 :end
43	start: THIP.ORD_VEN_V03 :end
43	start: THIP.ORD_VEN_V04 :end
43	start: THIP.ORDACQ_EDI_V01 :end
43	start: THIP.ORDACQ_LOT_PRM_V01 :end
43	start: THIP.ORDACQ_LOT_SEC_V02 :end
43	start: THIP.ORDACQ_R_TRASF_V01 :end
43	start: THIP.ORDACQ_RIG_PRM_V01 :end
43	start: THIP.ORDACQ_RIG_SEC_V02 :end
43	start: THIP.ORDACQ_RIG_TES_V01 :end
43	start: THIP.ORDACQ_RIG_TES_V02 :end
43	start: THIP.ORDACQ_RIG_TES_V03 :end
43	start: THIP.ORDACQ_RIG_VISTA_V01 :end
43	start: THIP.ORDESE_ATV_LTM_V01 :end
43	start: THIP.ORDESE_ATV_MAT_V01 :end
43	start: THIP.ORDESE_ATV_PRD_V01 :end
43	start: THIP.ORDESE_ATV_PRD_V02 :end
43	start: THIP.ORDESE_ATV_RSR_V01 :end
43	start: THIP.ORDSRV_ATTMAT_V01 :end
44	start: THIP.ORDSRV_ATTORD_V01 :end
44	start: THIP.ORDSRV_ATTRSR_V01 :end
44	start: THIP.ORDVEN_EDI_V01 :end
44	start: THIP.ORDVEN_LOT_PRM_V01 :end
44	start: THIP.ORDVEN_LOT_SEC_V02 :end
44	start: THIP.ORDVEN_RIG_PRM_V01 :end
44	start: THIP.ORDVEN_RIG_SEC_V02 :end
44	start: THIP.ORDVEN_RIG_TES_V01 :end
44	start: THIP.ORDVEN_RIG_TES_V02 :end
44	start: THIP.ORDVEN_RIG_TES_V03 :end
44	start: THIP.ORDVEN_RIG_VISTA_V01 :end
44	start: THIP.PAFW300X :end
44	start: THIP.PAFW302L :end
44	start: THIP.PAFW303L :end
44	start: THIP.PAFW304L :end
44	start: THIP.PARTITARIO_SM :end
45	start: THIP.PARTITARIO_SM_V01 :end
45	start: THIP.PATHTOSCAN :end
45	start: THIP.PDF :end
45	start: THIP.PER_CALEN_FSC_V01 :end
45	start: THERA.PERSISTENT_TABLE_V01 :end
45	start: THIP.PIAN_ACQ_V01 :end
45	start: THIP.PIAN_ACQ_V02 :end
45	start: THIP.PIAN_VEN_V01 :end
45	start: THIP.PIAN_VEN_V02 :end
45	start: THIP.PIANI_PR_TER_V01 :end
45	start: THIP.PIANI_PRL_RIG_V01 :end
45	start: THIP.PIANIFICA_FAB_V01 :end
45	start: THIP.PIANIFICA_IDX_V01 :end
45	start: THIP.PLNSRV_ATVRSR_V01 :end
45	start: THIP.PLNSRV_ATVRSR_V02 :end
45	start: THIP.PLNSRV_RSR_V01 :end
46	start: THIP.PLNSRV_RSR_V02 :end
46	start: THIP.PNC_VEN_RGA_TES_VIEW :end
46	start: THIP.PORTAFOGLIO_ORD_TOT_WP :end
47	start: THIP.PORTAFOGLIO_ORD_WP :end
47	start: THERA.PRF_DAY_DET_V01 :end
47	start: THERA.PRF_FULL_DET_V01 :end
47	start: THERA.PRF_HOUR_DET_V01 :end
47	start: THERA.PRF_MONTH_DET_V01 :end
47	start: THERA.PRF_WEEK_DET_V01 :end
47	start: THERA.PRF_YEAR_DET_V01 :end
47	start: THIP.PRJ_MOV_REL_APP :end
47	start: THIP.PROG_ATV_RSR_V01 :end
47	start: THIP.PROG_CONSVE_V01 :end
47	start: THIP.PROJECT :end
47	start: THIP.PROVINCE_V01 :end
47	start: THIP.RA_ARTICOLI_V01 :end
47	start: THIP.RA_ARTICOLI_V10 :end
47	start: THIP.RA_ARTICOLI_V20 :end
47	start: THIP.RA_ARTICOLI_V30 :end
47	start: THIP.RA_BARCODE_V01 :end
47	start: THIP.RA_CLI_IND_V01 :end
47	start: THIP.RA_CLI_IND_V02 :end
47	start: THIP.RA_CLIENTI_V01 :end
47	start: THIP.RA_CLIENTI_V02 :end
47	start: THIP.RA_LISTINI_RIG_V01 :end
48	start: THIP.RA_LISTINI_TES_V01 :end
48	start: THIP.RA_LISTINI_V10 :end
48	start: THIP.RA_LISTINI_V20 :end
48	start: THIP.RA_LISTINI_V30 :end
48	start: THIP.RA_PSN_VEN_V01 :end
48	start: THIP.RA_SCONTR_RIG_V01 :end
48	start: THIP.RA_SCONTR_TES_V01 :end
48	start: THIP.RA_TABELLE_V01 :end
48	start: THIP.RAPPORTINC_RIG_V01 :end
48	start: THIP.RDA_EVA_V01 :end
48	start: THIP.RDA_RIG_PRM_V01 :end
48	start: THIP.RDA_RIG_SEC_V02 :end
48	start: THIP.RDA_RIGTES_V01 :end
48	start: THIP.RDA_RIGTES_V02 :end
48	start: THIP.RDA_TES_V01 :end
48	start: THIP.RDO_RIG_PRM_V01 :end
48	start: THIP.RDO_RIG_SEC_V02 :end
48	start: THERA.REORG_RUNSTATS_TABLES_V01 :end
48	start: THIP.RICHIESTA_SERVIZIO_V01 :end
48	start: THIP.RIGHE_DA_SALDI_V01 :end
48	start: THIP.RIGHE_DA_SALDI_V02 :end
48	start: THIP.RIGHE_FATT_ACQ_V01 :end
48	start: THIP.RIL_PRD_V01 :end
48	start: THIP.RISORSE_APP_V34 :end
48	start: THIP.RISORSE_COSTI_V01 :end
48	start: THIP.RISORSE_ECC_V01 :end
48	start: THIP.RISORSE_UMANE_V01 :end
48	start: THIP.RISORSE_V01 :end
48	start: THIP.RISORSE_V34 :end
48	start: THIP.RP_DOCACQ_CNR_V01 :end
48	start: THIP.RP_DOCACQ_P_V01 :end
48	start: THIP.RP_DOCCL_P_V01 :end
48	start: THIP.RP_DOCCL_S_V01 :end
48	start: THIP.RP_DOCVEN_CNR_V01 :end
48	start: THIP.RP_DOCVEN_P_V01 :end
48	start: THIP.RP_DOCVEN_S_V01 :end
48	start: THIP.RP_ORD_SRV_MAT_V01 :end
48	start: THIP.RP_ORD_SRV_PRD_V01 :end
48	start: THIP.RP_ORDACQ_P_V01 :end
48	start: THIP.RP_ORDCL_P_V01 :end
48	start: THIP.RP_ORDCL_S_V01 :end
48	start: THIP.RP_ORDESE_ATV_MAT_V01 :end
48	start: THIP.RP_ORDESE_ATV_PRD_V01 :end
48	start: THIP.RP_ORDVEN_P_V01 :end
48	start: THIP.RP_ORDVEN_S_V01 :end
48	start: THIP.RPT_BEMDOC_V01 :end
48	start: THIP.RPT_BEMDOC_V02 :end
48	start: THIP.RPT_CERNC_V01 :end
48	start: THIP.RPT_CNTSRV_TES_V01 :end
48	start: THIP.RPT_CONSATV_SPS_V01 :end
48	start: THIP.RPT_CONTROL_TES_V01 :end
48	start: THIP.RPT_DDTBOL_V01 :end
48	start: THIP.RPT_DDTBOL_V02 :end
48	start: THIP.RPT_DDTPKG_V01 :end
48	start: THIP.RPT_DOCCOL_V01 :end
48	start: THIP.RPT_DOCCOL_V02 :end
48	start: THIP.RPT_DOCCOL_V03 :end
48	start: THIP.RPT_FATACQ_V01 :end
48	start: THIP.RPT_FATPFM_V01 :end
48	start: THIP.RPT_FATVEN_V01 :end
48	start: THIP.RPT_FAVBOL_V01 :end
48	start: THIP.RPT_FAVORD_V01 :end
48	start: THIP.RPT_RCL_GIAC_V01 :end
48	start: THIP.RPT_RCL_GIAC_V02 :end
48	start: THIP.RPT_REC_PERIODI_V01 :end
48	start: THIP.RUBRICA_EXT_V01 :end
48	start: THIP.RUBRICA_RICH_V01 :end
48	start: THIP.RUBRICA_V01 :end
48	start: THIP.RUBRICA_V02 :end
48	start: THIP.RUBRICHE_EXT_V01 :end
48	start: THIP.RUBRICHE_EXT_V02 :end
48	start: THIP.RUBRICHE_MANSIONI_V01 :end
48	start: THIP.SALDI_MAG_BASE_V01 :end
48	start: THIP.SALDI_MAG_CLI_V01 :end
48	start: THIP.SALDI_MAG_FOR_V01 :end
48	start: THIP.SALDI_UBICAZIONE_V01 :end
48	start: THIP.SCADENZIARIO_SM :end
48	start: THIP.SCHEDUL_INTERV_V01 :end
48	start: THIP.SEDI_V01 :end
48	start: THIP.SEDI_V02 :end
48	start: THIP.SGQ_CALEN_PER_V01 :end
48	start: THIP.SGQ_DOC_COL_V02 :end
48	start: THIP.SGQ_DOC_TES_V01 :end
48	start: THIP.SGQ_LQA_NUM_V01 :end
48	start: THIP.SGQ_RAPP_NC_V01 :end
48	start: THIP.SGQ_STR_CICLO_V01 :end
48	start: THIP.SOGG_GRP_MARKETING_V02 :end
48	start: THIP.SOGG_GRP_MKTG_SQL_V01 :end
49	start: THIP.SOGGETTI_GRUPPI_MKTG_V01 :end
50	start: THIP.STAMPANTI :end
50	start: THIP.STAT_FATVEN_V01 :end
50	start: THIP.STAT_FATVEN_V02 :end
50	start: THIP.STAT_FATVEN_V03 :end
50	start: THIP.STOR_ESEC_ATV_V01 :end
50	start: THIP.STOR_ESEC_ATV_V02 :end
50	start: THIP.STOR_ESEC_ORD_V02 :end
50	start: THIP.STRUMENTI_V01 :end
50	start: THERA.TABLE_SCHEMA_V01 :end
50	start: THIP.TARIFFA_OA_V02 :end
50	start: THIP.TARIFFARIO_OA_V01 :end
50	start: THIP.TESTATA_DOC_ACQ_DEST_V01 :end
50	start: THIP.TESTATA_DOC_SPED_V01 :end
50	start: FINANCE.THACAVA :end
50	start: FINANCE.THACAVL :end
50	start: FINANCE.THACQVG :end
50	start: FINANCE.THADDVL :end
50	start: FINANCE.THAUMVA :end
50	start: FINANCE.THAUMVL :end
50	start: FINANCE.THBNEPT :end
50	start: FINANCE.THBNEV2 :end
51	start: FINANCE.THBNEV3 :end
52	start: FINANCE.THBNEV4 :end
53	start: FINANCE.THBNEV5 :end
54	start: FINANCE.THBNEVA :end
55	start: FINANCE.THBNEVL :end
56	start: FINANCE.THCATVA :end
56	start: FINANCE.THCCOVA :end
56	start: FINANCE.THCCOVR :end
56	start: FINANCE.THCOMVA :end
56	start: FINANCE.THCOMVR :end
56	start: FINANCE.THCREVA :end
56	start: FINANCE.THCTDAVA :end
56	start: FINANCE.THCTDAVL :end
56	start: FINANCE.THCTDVVL :end
56	start: FINANCE.THCTOAVL :end
56	start: FINANCE.THCTOVVL :end
56	start: FINANCE.THDDGV4 :end
56	start: FINANCE.THDDGV5 :end
56	start: FINANCE.THDDGV6 :end
56	start: FINANCE.THDDGV7 :end
56	start: FINANCE.THDDGVA :end
56	start: FINANCE.THDDGVL :end
56	start: FINANCE.THDDGVR :end
56	start: FINANCE.THDDOVA :end
56	start: FINANCE.THDDOVL :end
56	start: FINANCE.THDDOVR :end
56	start: FINANCE.THDDVV4 :end
56	start: FINANCE.THDPAPT :end
56	start: FINANCE.THDPAVA :end
56	start: FINANCE.THDPAVL :end
56	start: FINANCE.THFBPV2 :end
56	start: FINANCE.THFBPVA :end
56	start: FINANCE.THFBPVL :end
56	start: FINANCE.THFIXV2 :end
56	start: FINANCE.THFIXV3 :end
56	start: FINANCE.THFIXVA :end
56	start: FINANCE.THFIXVL :end
56	start: FINANCE.THFNZVA :end
56	start: FINANCE.THHDRVA :end
56	start: FINANCE.THHDRVL :end
56	start: FINANCE.THHDRVR :end
56	start: FINANCE.THLDDVA :end
56	start: FINANCE.THLDDVL :end
56	start: FINANCE.THLSTVL :end
56	start: FINANCE.THMOTVL :end
56	start: FINANCE.THMOTVL_V1 :end
56	start: FINANCE.THNUMVA :end
56	start: FINANCE.THNUMVR :end
56	start: FINANCE.THOARVL :end
56	start: FINANCE.THOATVL :end
56	start: FINANCE.THOVRVL :end
56	start: FINANCE.THOVTVL :end
56	start: FINANCE.THPARPT :end
56	start: FINANCE.THPARV2 :end
56	start: FINANCE.THPARV3 :end
56	start: FINANCE.THPARV4 :end
56	start: FINANCE.THPARVA :end
56	start: FINANCE.THPARVL :end
56	start: FINANCE.THPCAV2 :end
56	start: FINANCE.THPCAV3 :end
56	start: FINANCE.THPCAVA :end
56	start: FINANCE.THPCAVL :end
56	start: FINANCE.THPCLV2 :end
56	start: FINANCE.THPCLV3 :end
56	start: FINANCE.THPCLVA :end
56	start: FINANCE.THPCLVL :end
56	start: FINANCE.THPCVV2 :end
56	start: FINANCE.THPCVV3 :end
56	start: FINANCE.THPCVVA :end
56	start: FINANCE.THPCVVL :end
56	start: FINANCE.THPDAV4 :end
56	start: FINANCE.THPDAVA :end
56	start: FINANCE.THPDAVL :end
56	start: FINANCE.THPDEVA :end
56	start: FINANCE.THPDGVA :end
56	start: FINANCE.THPDGVR :end
56	start: FINANCE.THPDVV4 :end
56	start: FINANCE.THPDVVL :end
56	start: FINANCE.THPFVV4 :end
56	start: FINANCE.THPMCV2 :end
56	start: FINANCE.THPMCV3 :end
56	start: FINANCE.THPMCVA :end
56	start: FINANCE.THPMCVL :end
56	start: FINANCE.THPMMV5 :end
56	start: FINANCE.THPMSV2 :end
56	start: FINANCE.THPMSV3 :end
56	start: FINANCE.THPMSVA :end
56	start: FINANCE.THPMSVL :end
56	start: FINANCE.THPSNVA :end
56	start: FINANCE.THPSVV4 :end
56	start: FINANCE.THRDAV4 :end
56	start: FINANCE.THRDAV5 :end
56	start: FINANCE.THRDVV4 :end
56	start: FINANCE.THRFAV4 :end
56	start: FINANCE.THSCHAVL :end
56	start: FINANCE.THSCHVL :end
56	start: THIP.THSS1TVL_VIEW :end
57	start: THIP.THSS1VL_VIEW :end
57	start: THIP.THSS2TVL_VIEW :end
58	start: THIP.THSS2VL_VIEW :end
58	start: THIP.THSS3TVL_VIEW :end
59	start: THIP.THSS3VL_VIEW :end
59	start: THIP.THSS4TVL_VIEW :end
60	start: THIP.THSS4VL_VIEW :end
60	start: THIP.THSSEVL_VIEW :end
61	start: FINANCE.THSTPVA :end
61	start: FINANCE.THSTPVL :end
61	start: FINANCE.THTDDVA :end
61	start: FINANCE.THTDDVL :end
61	start: FINANCE.THTDGVA :end
61	start: FINANCE.THTDGVL :end
61	start: FINANCE.THTDGVR :end
61	start: FINANCE.THUDDVA :end
61	start: FINANCE.THUDDVL :end
61	start: FINANCE.THUSPVA :end
61	start: FINANCE.THUSPVL :end
61	start: FINANCE.THUTPVA :end
61	start: FINANCE.THUTPVL :end
61	start: FINANCE.THUTPVR :end
61	start: THERA.TICKLER_GRP2 :end
61	start: THIP.TICKLER_V01 :end
61	start: THIP.TIPIDOC :end
61	start: THIP.TIPO_LIV_RIS_V01 :end
61	start: THIP.TRASPAN_COS_V01 :end
61	start: THIP.TRASPAN_TES_V01 :end
61	start: THIP.UM_COSTI_V01 :end
61	start: THIP.UM_DIM_V01 :end
61	start: THIP.UM_PESO_V01 :end
61	start: THIP.UM_TEMPI_V01 :end
61	start: THIP.UM_VOL_V01 :end
61	start: THIP.UNSPSC_CLS_V01 :end
61	start: THIP.UNSPSC_FAM_V01 :end
61	start: THIP.UNSPSC_MRC_V01 :end
61	start: THIP.UNSPSC_SEG_V01 :end
61	start: THIP.USER_LOG_SESSION_V01 :end
61	start: THIP.UTENTI_ATTIVI :end
61	start: THIP.UTENTI_AZIENDE_V01 :end
61	start: THIP.UTENTI_AZIENDE_V02 :end
62	start: THIP.UTENTI_AZIENDE_V03 :end
63	start: THIP.VALUTE_V01 :end
63	start: THIP.VALUTE_V02 :end
63	start: THIP.VALUTE_V03 :end
63	start: THIP.VARIAZCNS_ARR_V01 :end
63	start: THIP.VARIAZCNS_ARR_V02 :end
63	start: THIP.VARIAZCST_V01 :end
63	start: THIP.VARIAZCST_V02 :end
63	start: THIP.VARIAZCST_V03 :end
63	start: THIP.VARIAZCST_V04 :end
63	start: THIP.VARIAZCST_V05 :end
63	start: THIP.VARIAZLST_ARR_V01 :end
63	start: THIP.VARIAZLST_ARR_V02 :end
63	start: THIP.VARIAZLST_ARR_V03 :end
63	start: THIP.VARIAZLST_MAG_V01 :end
63	start: THIP.VARIAZLST_ORIG_V01 :end
63	start: THIP.VT_ART_FILTRO_V01 :end
63	start: THIP.VT_PATRON_V01 :end
63	start: THIP.WPU_NOTE_CLI_AEC :end
63	start: THIP.WPU_NOTE_FOR_AEC :end
63	start: THIP.WPU_NOTE_STD :end
63	start: THIP.WPU_NOTE_V01 :end
63	start: THIP.WPU_RUB_CONT_V01 :end
63	start: THIP.WPUGEOVIEW :end
63	start: SOFTRE.Y_ALLARMI_MAC_V01 :end
63	start: SOFTRE.Y_ANAGRA_PVG_SCG_V01 :end
63	start: SOFTRE.Y_ART_RIORD_V01 :end
64	start: SOFTRE.Y_ART_TUBING_V01 :end
64	start: SOFTRE.Y_ATV_REG_TOT_V01 :end
64	start: SOFTRE.Y_ATV_REG_TOT_V02 :end
64	start: SOFTRE.Y_ATVPROD_COMM_V01 :end
64	start: SOFTRE.Y_BBANAPT_INDR_V01 :end
64	start: SOFTRE.Y_CALENDARI_GG_LAV_V01 :end
65	start: SOFTRE.Y_CATALOGO_ART_V02 :end
65	start: SOFTRE.Y_CATALOGO_ART_V03 :end
65	start: SOFTRE.Y_CAU_DOC_MAGAZ_V01 :end
65	start: SOFTRE.Y_CERT_FAR_V01 :end
65	start: SOFTRE.Y_CERT_FGE_V02 :end
65	start: SOFTRE.Y_COLATE_IC_V01 :end
65	start: SOFTRE.Y_COLATE_IC_V02 :end
65	start: SOFTRE.Y_COLATE_IC_V03 :end
65	start: SOFTRE.Y_COMM_COMPL_V01 :end
65	start: SOFTRE.Y_CONFIGURAZIONI_V01 :end
65	start: SOFTRE.Y_CONS_MED_V01 :end
66	start: SOFTRE.Y_COS_ULT_V01 :end
66	start: SOFTRE.Y_DATA_PASQUA_V01 :end
66	start: SOFTRE.Y_DDT_SPE_V01 :end
67	start: SOFTRE.Y_DDT_TES_SSD_V01 :end
67	start: SOFTRE.Y_DISP_KIT_V01 :end
67	start: SOFTRE.Y_DISP_RIGHE_ODV_V01 :end
67	start: SOFTRE.Y_DISPO_OFF_V03 :end
68	start: SOFTRE.Y_DISPO_OV_V01 :end
69	start: SOFTRE.Y_DISPO_OV_V04 :end
70	start: SOFTRE.Y_DISPO_V01 :end
70	start: SOFTRE.Y_DISPO_V02 :end
70	start: SOFTRE.Y_DISPO_V03 :end
70	start: SOFTRE.Y_DISPO_V04 :end
70	start: SOFTRE.Y_DOC_ACQ_CASSE_V01 :end
70	start: SOFTRE.Y_DOC_ACQ_LOT_MIS_V01 :end
70	start: SOFTRE.Y_DOC_ACQ_RIG_PRL_V01 :end
71	start: SOFTRE.Y_DOC_ACQ_TES_PRL_V01 :end
72	start: SOFTRE.Y_DOC_ACQ_TP_CERT_V01 :end
72	start: SOFTRE.Y_DOC_DGT_OGG_V01 :end
72	start: SOFTRE.Y_DOC_PKL_V01 :end
72	start: SOFTRE.Y_DOC_PKL_V02 :end
72	start: SOFTRE.Y_DOC_PRD_LOT_MIS_V01 :end
72	start: SOFTRE.Y_DOC_RIG_PRL_V01 :end
73	start: SOFTRE.Y_DOC_TES_PRL_V01 :end
74	start: SOFTRE.Y_DOC_VEN_DES_V01 :end
74	start: SOFTRE.Y_DOC_VEN_LOT_V01 :end
74	start: SOFTRE.Y_DOC_VEN_RAG_ORD_V01 :end
74	start: SOFTRE.Y_DOC_VEN_RIG_COMM_V01 :end
74	start: SOFTRE.Y_DOC_VEN_RIG_KIT_V01 :end
74	start: SOFTRE.Y_DOC_VEN_RIG_PRL_V01 :end
75	start: SOFTRE.Y_DOC_VEN_SPE_V01 :end
75	start: SOFTRE.Y_DOC_VEN_TES_COMM_V01 :end
75	start: SOFTRE.Y_DOC_VEN_TES_PRL_V01 :end
76	start: SOFTRE.Y_DOC_VEN_TP_CERT_SOST_V01 :end
77	start: SOFTRE.Y_DOC_VEN_TP_CERT_V01 :end
78	start: SOFTRE.Y_DOC_VEN_TP_CERT_V021 :end
79	start: SOFTRE.Y_DOC_VEN_TP_CERT_V022 :end
80	start: SOFTRE.Y_DOC_VEN_TP_CERT_V031 :end
81	start: SOFTRE.Y_DOC_VEN_TP_CERT_V031V :end
82	start: SOFTRE.Y_DOC_VEN_TP_CERT_V031VA :end
83	start: SOFTRE.Y_DOC_VEN_TP_CERT_V0ORS :end
84	start: SOFTRE.Y_DOC_VEN_TP_EVAS_V01 :end
84	start: SOFTRE.Y_DOCACQ_TES_DATRIG_V01 :end
84	start: SOFTRE.Y_DOCACQ_TES_LISTA_V01 :end
84	start: SOFTRE.Y_DOCACQ_TES_VALPRM_V01 :end
84	start: SOFTRE.Y_DOCACQ_TES_VAZI_V01 :end
84	start: SOFTRE.Y_DOCV_RIG_COMMTEXT_V01 :end
84	start: SOFTRE.Y_DOCV_RIG_LOGIS_V01 :end
84	start: SOFTRE.Y_DOCV_RIG_LOGIS_V02 :end
84	start: SOFTRE.Y_DOCVEN_OPR_V01 :end
84	start: SOFTRE.Y_DOCVEN_TES_LISTA_V01 :end
84	start: SOFTRE.Y_ENUMERATI_V01 :end
84	start: SOFTRE.Y_ERR_KGM_V01 :end
85	start: SOFTRE.Y_FLUSSI_MOVMAG_V01 :end
85	start: SOFTRE.Y_FTT_CON_UMA_UVE_V01 :end
85	start: SOFTRE.Y_GIAC_NEG_V01 :end
85	start: SOFTRE.Y_KGM_AGN_V01 :end
85	start: SOFTRE.Y_KGM_IMPEGNI_V01 :end
85	start: SOFTRE.Y_LISTE_COD_V01 :end
86	start: SOFTRE.Y_LISTE_FILTRO_TEORICO_V01 :end
86	start: SOFTRE.Y_LISTE_FILTRO_V01 :end
87	start: SOFTRE.Y_LISTE_TUBING_V01 :end
88	start: SOFTRE.Y_LISTE_UDS_MISSIONE_V01 :end
88	start: SOFTRE.Y_LISTE_UDS_V01 :end
88	start: SOFTRE.Y_LISTE_UTE_V01 :end
88	start: SOFTRE.Y_LLISTA_OE_V01 :end
88	start: SOFTRE.Y_LLISTA_TESTA_COD_V01 :end
88	start: SOFTRE.Y_LMISSIONE_DESCR_V01 :end
88	start: SOFTRE.Y_LMISSIONE_DT_COMPL_V01 :end
88	start: SOFTRE.Y_LMOVRIG_EXTRA :end
88	start: SOFTRE.Y_LMOVRIG_EXTRA_V01 :end
88	start: SOFTRE.Y_LOGIS_CAMBIA_LOTTO_ANNO_V01 :end
88	start: SOFTRE.Y_LOGIS_IMP_V01 :end
88	start: SOFTRE.Y_LOGIS_LISTE_POS_APERTE_V01 :end
89	start: SOFTRE.Y_LOGIS_PREL_QTA_V01 :end
90	start: SOFTRE.Y_LOGIS_PREL_QTA_V02 :end
91	start: SOFTRE.Y_LOGIS_QTA_ORIG_V01 :end
91	start: SOFTRE.Y_LOGIS_SALDI_DISP_V01 :end
91	start: SOFTRE.Y_LOT_PRD_Q_V01 :end
91	start: SOFTRE.Y_LOT_PRD_Q_V02 :end
91	start: SOFTRE.Y_LOTTI_CERT_V01 :end
91	start: SOFTRE.Y_LOTTI_DOCACQ_TES_V01 :end
91	start: SOFTRE.Y_LOTTI_EXTRA_V01 :end
91	start: SOFTRE.Y_LOTTI_IC_V01 :end
91	start: SOFTRE.Y_LOTTI_LOGIS_V01 :end
91	start: SOFTRE.Y_LOTTI_PRIO_LOGIS_V01 :end
91	start: SOFTRE.Y_LST_VEN_GLB_V01 :end
91	start: SOFTRE.Y_LUBICAZIONE_OCC_V01 :end
91	start: SOFTRE.Y_MAIL_V01 :end
91	start: SOFTRE.Y_MISURE_RAGG_V01 :end
91	start: SOFTRE.Y_MISURE_RAGG_V02 :end
91	start: SOFTRE.Y_MISURE22G_V01 :end
92	start: SOFTRE.Y_MODP_PRIO_V01 :end
92	start: SOFTRE.Y_MOV_PTH_LOGIS_V01 :end
92	start: SOFTRE.Y_MOVIM_MAGAZ_PRZ_AV_V01 :end
92	start: SOFTRE.Y_MPS_V01 :end
92	start: SOFTRE.Y_NOTE_CERT_DDT_V01 :end
92	start: SOFTRE.Y_NOTE_CERT_RD_ES_V01 :end
93	start: SOFTRE.Y_NOTE_CERT_RD_V01 :end
93	start: SOFTRE.Y_NOTE_CERT_TD_ES_V01 :end
94	start: SOFTRE.Y_NOTE_CERT_TD_V01 :end
94	start: SOFTRE.Y_NOTE_CERT_TDG_ES_V01 :end
95	start: SOFTRE.Y_NOTE_MAG_RD_V01 :end
95	start: SOFTRE.Y_NOTE_MAG_TD_V01 :end
95	start: SOFTRE.Y_NOTE_VIDEOC_V01 :end
95	start: SOFTRE.Y_NOTE_VIDEOF_V01 :end
95	start: SOFTRE.Y_OE_ATV_EXTRA :end
95	start: SOFTRE.Y_OFF_VEN_DES_V01 :end
95	start: SOFTRE.Y_OFF_VEN_DISPO_V01 :end
95	start: SOFTRE.Y_OFF_VEN_RIG_AN_V00 :end
95	start: SOFTRE.Y_OFF_VEN_TES_AN_V00 :end
95	start: SOFTRE.Y_OFF_VEN_TES_AN_V01 :end
95	start: SOFTRE.Y_OFF_VEN_TES_SPESE_V01 :end
95	start: SOFTRE.Y_OFFACQ_RIG_PESI_V01 :end
95	start: SOFTRE.Y_OFFACQ_TES_PESI_V01 :end
95	start: SOFTRE.Y_OFFV_RIG_COMMTEXT_V01 :end
95	start: SOFTRE.Y_OMETTI_MISSIONI_V01 :end
96	start: SOFTRE.Y_ORD_ACQ_DES_V01 :end
96	start: SOFTRE.Y_ORD_ACQ_EST_V01 :end
96	start: SOFTRE.Y_ORD_ACQ_PRN_V01 :end
96	start: SOFTRE.Y_ORD_ACQ_RIG_RES_V01 :end
96	start: SOFTRE.Y_ORD_ACQ_RIG_RIL_V01 :end
96	start: SOFTRE.Y_ORD_ACQ_TES_RIL_MAT_V01 :end
96	start: SOFTRE.Y_ORD_ACQ_TES_RIL_PRD_V01 :end
96	start: SOFTRE.Y_ORD_ESE_KIT_V01 :end
96	start: SOFTRE.Y_ORD_GR_FIN_V01 :end
96	start: SOFTRE.Y_ORD_VEN_DES_V01 :end
96	start: SOFTRE.Y_ORD_VEN_DISPO_V01 :end
96	start: SOFTRE.Y_ORD_VEN_PRZ_V01 :end
96	start: SOFTRE.Y_ORD_VEN_RES_V01 :end
96	start: SOFTRE.Y_ORD_VEN_RIG_COMM_V01 :end
96	start: SOFTRE.Y_ORD_VEN_RIG_KIT_V01 :end
96	start: SOFTRE.Y_ORD_VEN_RIG_RES_V01 :end
96	start: SOFTRE.Y_ORD_VEN_RIG_RIL_V01 :end
96	start: SOFTRE.Y_ORD_VEN_SEM_V01 :end
96	start: SOFTRE.Y_ORD_VEN_TES_COMM_V01 :end
96	start: SOFTRE.Y_ORD_VEN_TES_RIL_V01 :end
96	start: SOFTRE.Y_ORD_VEN_TES_SPESE_V01 :end
96	start: SOFTRE.Y_ORDACQ_RIG_DES_EN_V01 :end
96	start: SOFTRE.Y_ORDV_RIG_COMMTEXT_V01 :end
96	start: SOFTRE.Y_ORDV_RIG_DATA_V01 :end
96	start: SOFTRE.Y_ORDVEN_TES_KIT_V01 :end
96	start: SOFTRE.Y_QTA_METRI_V01 :end
96	start: SOFTRE.Y_QTA_UM_VAR_LOT_V01 :end
96	start: SOFTRE.Y_QTA_UM_VAR_RIG_V01 :end
96	start: SOFTRE.Y_QTA_UM_VAR_SEC_LOT_V01 :end
96	start: SOFTRE.Y_QTA_UM_VAR_SEC_RIG_V01 :end
96	start: SOFTRE.Y_RDA_RIG_DES_EN_V01 :end
96	start: SOFTRE.Y_RIEPILOGO_PREL_UDS_V01 :end
96	start: SOFTRE.Y_RIL_PRD_TES_V01 :end
96	start: SOFTRE.Y_RPT_ACQSOL_RIG_GGRIT_V01 :end
96	start: SOFTRE.Y_RPT_DDTBOL_TES_V021 :end
97	start: SOFTRE.Y_RPT_DDTBOL_TES_V022 :end
98	start: SOFTRE.Y_RPT_DDTBOL_TES_V031 :end
99	start: SOFTRE.Y_RPT_DDTBOL_TES_V031V :end
100	start: SOFTRE.Y_RPT_DDTBOL_TES_V031VA :end
101	start: SOFTRE.Y_RPT_DDTBOL_TES_V0ORS :end
102	start: SOFTRE.Y_RPT_FATVEN_PESI_V01 :end
102	start: SOFTRE.Y_SALDI_001_V01 :end
102	start: SOFTRE.Y_SALDI_BASE_V01 :end
102	start: SOFTRE.Y_SALDI_BASE_V02 :end
103	start: SOFTRE.Y_SALDI_BASE_V03 :end
104	start: SOFTRE.Y_SALDI_LOGIS_AGGREGATI_V01 :end
104	start: SOFTRE.Y_SALTO_COLLO_V01 :end
104	start: SOFTRE.Y_SCORTA_MINIMA_V01 :end
104	start: SOFTRE.Y_SERIALI_RAGG_V01 :end
105	start: SOFTRE.Y_SERIALI_V01 :end
105	start: SOFTRE.Y_SERIALI_V02 :end
105	start: SOFTRE.Y_SERIALI_VCOL_V01 :end
105	start: SOFTRE.Y_SGQ_INDICI_FOR_V01 :end
105	start: SOFTRE.Y_SSD_PKL_V01 :end
105	start: SOFTRE.Y_TEMP_SALDI_LOGIS_V01 :end
105	start: SOFTRE.Y_UBICAZ_VERS_V01 :end
106	start: SOFTRE.Y_UDC_MONOART_V01 :end
106	start: SOFTRE.Y_UDS_MISSIONE_V01 :end
106	start: SOFTRE.Y_UDS_PESO_NETTO_CALC_V01 :end
106	start: SOFTRE.Y_UDS_V01 :end
106	start: SOFTRE.Y_UTENTE_CRZ_CERT_V01 :end
106	start: SOFTRE.Y_VAL_MAG_DTA_V01 :end
106	start: SOFTRE.YARTICOLI_CLI_FIN_V01 :end
106	start: SOFTRE.YARTICOLI_CLI_FIN_V02 :end
106	start: SOFTRE.YCOMM_NOTE :end
106	start: SOFTRE.YDOC_VEN_DESTINAZ :end
106	start: SOFTRE.YDOC_VEN_RIG_EST :end
106	start: SOFTRE.YDOCACQ_TARIFFE :end
106	start: SOFTRE.YDOCVEN_KIT_NO_RIGHE_SEC :end
106	start: THIPPERS.YDOCVEN_RIG_VISTA_V01 :end
106	start: SOFTRE.YMISURE_DOC_VEN_RIG_V01 :end
106	start: SOFTRE.YMOVMAG_ARTALT_V01 :end
106	start: SOFTRE.YOFF_VEN_RIG_PS_V01 :end
106	start: THIPPERS.YOFFVEN_RIG_VISTA_V01 :end
106	start: SOFTRE.YORD_VEN_RIG_V01 :end
106	start: SOFTRE.YORDACQ_TARIFFE :end
106	start: THIPPERS.YORDVEN_RIG_VISTA_V01 :end
106	start: SOFTRE.YPNC_POSIZIONE_FINC_V01 :end
106	start: SOFTRE.YSTOR_VENTIL_V01 :end
106	start: THIP.ZONE_V01 :end
0	start: THIP.AGENTI_V01 :end
1	start: THIP.AMB_PGM_REP_V01 :end
1	start: THIP.ANAGRAFICO_BAS_V02 :end
1	start: THIP.ANALISI_CONT_TOT_IMPORTI_WP :end
2	start: THIP.ART_ALTERN_COM_V01 :end
2	start: THIP.ART_FORPRF_ACQ_FIRST :end
2	start: THIP.ART_FORPRF_CL_FIRST :end
2	start: THIP.ARTICOLI_ALTERN_V01 :end
2	start: THIP.AZIENDE_ESTESE_V01 :end
2	start: THIP.CLI_VEN_V01 :end
2	start: THIP.CLIENTI_CMM_V01 :end
2	start: THIP.DDT_NO_FATT_TOT_WP :end
2	start: THIP.DESTINATARI_V01 :end
2	start: THIP.DIPENDENTI_V02 :end
2	start: THIP.DOC_ACQ_FATT_V01 :end
2	start: THIP.DOC_ACQ_NO_FATT_V01 :end
2	start: THIP.DOC_ACQ_RIG_FAT_V01 :end
2	start: SOFTRE.DOC_ACQ_RIG_PRL_LOGIS_V01 :end
3	start: THIP.DOC_ACQ_RIG_V01 :end
3	start: SOFTRE.DOC_ACQ_TES_PRL_LOGIS_V01 :end
4	start: THIP.DOC_ACQ_V01 :end
4	start: THIP.DOC_DGT_ACQ_V01 :end
4	start: THIP.DOC_DGT_ALLEGATI :end
4	start: THIP.DOC_DGT_V01 :end
5	start: THIP.DOC_DGT_V02 :end
6	start: THIP.DOC_DGT_VEN_V01 :end
6	start: THIP.DOC_VEN_PPL_VX0 :end
6	start: THIP.DOC_VEN_PPL_VX1 :end
6	start: SOFTRE.DOC_VEN_RIG_PRL_LOGIS_V01 :end
7	start: THIP.DOC_VEN_RIG_V01 :end
7	start: SOFTRE.DOC_VEN_TES_PRL_LOGIS_V01 :end
8	start: THIP.DOC_VEN_TES_V02 :end
8	start: THIP.DOCVEN_SDT_V02 :end
8	start: THIP.FAT_ACQ_V01 :end
8	start: THIP.FATT_NO_CONT_TOT_WP :end
8	start: THIP.FOR_ACQ_V01 :end
8	start: THIP.LISTINIACQ_SCAGLIONI_V01 :end
8	start: THIP.LISTINIVEN_SCAGLIONI_V01 :end
8	start: THIP.LOG_TASK_V01 :end
8	start: THIP.LOG_UPDATE_V01 :end
8	start: THIP.LST_VEN_V01 :end
8	start: THIP.ORD_ACQ_RIG_V01 :end
8	start: THIP.ORD_VEN_RIG_V01 :end
8	start: THIP.ORDSRV_ATTMAT_V01 :end
8	start: THIP.PARTITARIO_SM :end
8	start: THIP.PLNSRV_RSR_V01 :end
8	start: THIP.PORTAFOGLIO_ORD_TOT_WP :end
8	start: THIP.RA_LISTINI_RIG_V01 :end
8	start: THIP.SOGG_GRP_MKTG_SQL_V01 :end
9	start: THIP.SOGGETTI_GRUPPI_MKTG_V01 :end
10	start: FINANCE.THBNEV2 :end
10	start: FINANCE.THBNEV3 :end
10	start: FINANCE.THBNEV4 :end
10	start: FINANCE.THBNEV5 :end
10	start: FINANCE.THBNEVA :end
10	start: FINANCE.THBNEVL :end
10	start: THIP.THSS1TVL_VIEW :end
10	start: THIP.THSS2TVL_VIEW :end
10	start: THIP.THSS3TVL_VIEW :end
10	start: THIP.THSS4TVL_VIEW :end
10	start: THIP.THSSEVL_VIEW :end
10	start: THIP.UTENTI_AZIENDE_V02 :end
10	start: THIP.UTENTI_AZIENDE_V03 :end
10	start: SOFTRE.Y_ART_RIORD_V01 :end
10	start: SOFTRE.Y_CALENDARI_GG_LAV_V01 :end
10	start: SOFTRE.Y_CONS_MED_V01 :end
10	start: SOFTRE.Y_DDT_SPE_V01 :end
10	start: SOFTRE.Y_DISPO_OFF_V03 :end
10	start: SOFTRE.Y_DISPO_OV_V01 :end
10	start: SOFTRE.Y_DISPO_OV_V04 :end
10	start: SOFTRE.Y_DOC_ACQ_RIG_PRL_V01 :end
11	start: SOFTRE.Y_DOC_ACQ_TES_PRL_V01 :end
12	start: SOFTRE.Y_DOC_RIG_PRL_V01 :end
12	start: SOFTRE.Y_DOC_TES_PRL_V01 :end
12	start: SOFTRE.Y_DOC_VEN_RIG_PRL_V01 :end
12	start: SOFTRE.Y_DOC_VEN_TES_PRL_V01 :end
12	start: SOFTRE.Y_DOC_VEN_TP_CERT_SOST_V01 :end
12	start: SOFTRE.Y_DOC_VEN_TP_CERT_V01 :end
13	start: SOFTRE.Y_DOC_VEN_TP_CERT_V021 :end
14	start: SOFTRE.Y_DOC_VEN_TP_CERT_V022 :end
15	start: SOFTRE.Y_DOC_VEN_TP_CERT_V031 :end
16	start: SOFTRE.Y_DOC_VEN_TP_CERT_V031V :end
17	start: SOFTRE.Y_DOC_VEN_TP_CERT_V031VA :end
18	start: SOFTRE.Y_DOC_VEN_TP_CERT_V0ORS :end
19	start: SOFTRE.Y_ERR_KGM_V01 :end
19	start: SOFTRE.Y_LISTE_COD_V01 :end
19	start: SOFTRE.Y_LISTE_FILTRO_V01 :end
20	start: SOFTRE.Y_LISTE_TUBING_V01 :end
20	start: SOFTRE.Y_LOGIS_LISTE_POS_APERTE_V01 :end
20	start: SOFTRE.Y_LOGIS_PREL_QTA_V01 :end
20	start: SOFTRE.Y_LOGIS_PREL_QTA_V02 :end
20	start: SOFTRE.Y_MISURE22G_V01 :end
21	start: SOFTRE.Y_NOTE_CERT_RD_ES_V01 :end
21	start: SOFTRE.Y_NOTE_CERT_TD_ES_V01 :end
21	start: SOFTRE.Y_NOTE_CERT_TDG_ES_V01 :end
21	start: SOFTRE.Y_OMETTI_MISSIONI_V01 :end
21	start: SOFTRE.Y_RPT_DDTBOL_TES_V021 :end
22	start: SOFTRE.Y_RPT_DDTBOL_TES_V022 :end
23	start: SOFTRE.Y_RPT_DDTBOL_TES_V031 :end
24	start: SOFTRE.Y_RPT_DDTBOL_TES_V031V :end
25	start: SOFTRE.Y_RPT_DDTBOL_TES_V031VA :end
26	start: SOFTRE.Y_RPT_DDTBOL_TES_V0ORS :end
27	start: SOFTRE.Y_SALDI_BASE_V02 :end
27	start: SOFTRE.Y_SALDI_BASE_V03 :end
27	start: SOFTRE.Y_SERIALI_RAGG_V01 :end
28	start: SOFTRE.Y_UBICAZ_VERS_V01 :end
0	start: THIP.AGENTI_V01 :end
0	start: THIP.ANALISI_CONT_TOT_IMPORTI_WP :end
0	start: SOFTRE.DOC_ACQ_RIG_PRL_LOGIS_V01 :end
0	start: SOFTRE.DOC_ACQ_TES_PRL_LOGIS_V01 :end
0	start: THIP.DOC_DGT_V01 :end
0	start: THIP.DOC_DGT_V02 :end
0	start: SOFTRE.DOC_VEN_RIG_PRL_LOGIS_V01 :end
0	start: SOFTRE.DOC_VEN_TES_PRL_LOGIS_V01 :end
0	start: THIP.SOGG_GRP_MKTG_SQL_V01 :end
0	start: THIP.SOGGETTI_GRUPPI_MKTG_V01 :end
0	start: SOFTRE.Y_DOC_ACQ_RIG_PRL_V01 :end
0	start: SOFTRE.Y_DOC_ACQ_TES_PRL_V01 :end
0	start: SOFTRE.Y_DOC_VEN_TP_CERT_V01 :end
0	start: SOFTRE.Y_DOC_VEN_TP_CERT_V021 :end
0	start: SOFTRE.Y_DOC_VEN_TP_CERT_V022 :end
0	start: SOFTRE.Y_DOC_VEN_TP_CERT_V031 :end
0	start: SOFTRE.Y_DOC_VEN_TP_CERT_V031V :end
0	start: SOFTRE.Y_DOC_VEN_TP_CERT_V031VA :end
0	start: SOFTRE.Y_DOC_VEN_TP_CERT_V0ORS :end
0	start: SOFTRE.Y_LISTE_FILTRO_V01 :end
0	start: SOFTRE.Y_MISURE22G_V01 :end
0	start: SOFTRE.Y_RPT_DDTBOL_TES_V021 :end
0	start: SOFTRE.Y_RPT_DDTBOL_TES_V022 :end
0	start: SOFTRE.Y_RPT_DDTBOL_TES_V031 :end
0	start: SOFTRE.Y_RPT_DDTBOL_TES_V031V :end
0	start: SOFTRE.Y_RPT_DDTBOL_TES_V031VA :end
0	start: SOFTRE.Y_RPT_DDTBOL_TES_V0ORS :end
0	start: SOFTRE.Y_SERIALI_RAGG_V01 :end

La rigenerazione delle viste e' terminata con successo.


La rigenerazione delle viste e' terminata con successo.

******* La rigenerazione delle viste è terminata con successo *****
