ERR-DFT 2023-12-19 10:18:20.701 [ADMIN_001] <Client - /127.0.0.1:55448>: java.sql.SQLException: Column[LOGIS.LUBICAZIONE.CODICE CHAR(15,0)] cannot contain the value 'MA2MQ7RI06-MMXG4.10.'
ERR-	at com.thera.thermfw.persist.Column.write(Column.java:482)
ERR-	at com.thera.thermfw.persist.JDBCTable.uploadKeyColumnValues(JDBCTable.java:619)
ERR-	at com.thera.thermfw.persist.JDBCTable.read(JDBCTable.java:633)
ERR-	at com.thera.thermfw.persist.TableManager.executeRead(TableManager.java:1452)
ERR-	at com.thera.thermfw.persist.TableManager.select(TableManager.java:186)
ERR-	at com.thera.thermfw.persist.TableManager.select(TableManager.java:196)
ERR-	at com.thera.thermfw.persist.PersistentObject.retrieve(PersistentObject.java:380)
ERR-	at it.thera.thip.logis.bas.LogisNLSPO.retrieve(LogisNLSPO.java:100)
ERR-	at it.thera.thip.logis.fis.Ubicazione.elementWithKey(Ubicazione.java:1657)
ERR-	at it.thera.thip.logis.fis.OperazioneMovimento.trovaOggettoDaCodice(OperazioneMovimento.java:518)
ERR-	at it.thera.thip.logis.fis.InserimentoMovimenti.trovaBarcode(InserimentoMovimenti.java:1572)
ERR-	at it.thera.thip.logis.fis.InserimentoMovimenti.checkCampoVariabile(InserimentoMovimenti.java:1385)
ERR-	at it.thera.thip.logis.rf.gui.InserimentoMovimentiStdRF.testPaginaBarcodeArticolo(InserimentoMovimentiStdRF.java:2327)
ERR-	at it.thera.thip.logis.rf.gui.InserimentoMovimentiStdRF.paginaBarcodeArticolo(InserimentoMovimentiStdRF.java:2266)
ERR-	at it.thera.thip.logis.rf.gui.InserimentoMovimentiStdRF.esegui(InserimentoMovimentiStdRF.java:347)
ERR-	at it.thera.thip.logis.rf.gui.InserimentoMovimentiStdRF.esegui(InserimentoMovimentiStdRF.java:5064)
ERR-	at sun.reflect.NativeMethodAccessorImpl.invoke0(Native Method)
ERR-	at sun.reflect.NativeMethodAccessorImpl.invoke(NativeMethodAccessorImpl.java:62)
ERR-	at sun.reflect.DelegatingMethodAccessorImpl.invoke(DelegatingMethodAccessorImpl.java:43)
ERR-	at java.lang.reflect.Method.invoke(Method.java:498)
ERR-	at it.thera.thip.logis.rf.LogisLogin.apriMenuUtente(LogisLogin.java:492)
ERR-	at it.thera.thip.logis.rf.ThipLogin.start(ThipLogin.java:168)
ERR-	at sun.reflect.NativeMethodAccessorImpl.invoke0(Native Method)
ERR-	at sun.reflect.NativeMethodAccessorImpl.invoke(NativeMethodAccessorImpl.java:62)
ERR-	at sun.reflect.DelegatingMethodAccessorImpl.invoke(DelegatingMethodAccessorImpl.java:43)
ERR-	at java.lang.reflect.Method.invoke(Method.java:498)
ERR-	at com.thera.thermfw.rf.driver.DriverVT100.startApplication(DriverVT100.java:1515)
ERR-	at com.thera.thermfw.rf.driver.PortManager$Client.run(PortManager.java:763)
ERR-DFT 2023-12-19 10:35:39.828 [ADMIN_001] <Client - /127.0.0.1:55860>: java.sql.SQLException: Column[LOGIS.LUBICAZIONE.CODICE CHAR(15,0)] cannot contain the value ' MA2MQ7RI06-MMXG4.10.AX'
ERR-	at com.thera.thermfw.persist.Column.write(Column.java:482)
ERR-	at com.thera.thermfw.persist.JDBCTable.uploadKeyColumnValues(JDBCTable.java:619)
ERR-	at com.thera.thermfw.persist.JDBCTable.read(JDBCTable.java:633)
ERR-	at com.thera.thermfw.persist.TableManager.executeRead(TableManager.java:1452)
ERR-	at com.thera.thermfw.persist.TableManager.select(TableManager.java:186)
ERR-	at com.thera.thermfw.persist.TableManager.select(TableManager.java:196)
ERR-	at com.thera.thermfw.persist.PersistentObject.retrieve(PersistentObject.java:380)
ERR-	at it.thera.thip.logis.bas.LogisNLSPO.retrieve(LogisNLSPO.java:100)
ERR-	at it.thera.thip.logis.fis.Ubicazione.elementWithKey(Ubicazione.java:1657)
ERR-	at it.thera.thip.logis.fis.OperazioneMovimento.trovaOggettoDaCodice(OperazioneMovimento.java:518)
ERR-	at it.thera.thip.logis.fis.InserimentoMovimenti.trovaBarcode(InserimentoMovimenti.java:1572)
ERR-	at it.thera.thip.logis.fis.InserimentoMovimenti.checkCampoVariabile(InserimentoMovimenti.java:1385)
ERR-	at it.thera.thip.logis.rf.gui.InserimentoMovimentiStdRF.testPaginaBarcodeArticolo(InserimentoMovimentiStdRF.java:2327)
ERR-	at it.thera.thip.logis.rf.gui.InserimentoMovimentiStdRF.paginaBarcodeArticolo(InserimentoMovimentiStdRF.java:2266)
ERR-	at it.thera.thip.logis.rf.gui.InserimentoMovimentiStdRF.esegui(InserimentoMovimentiStdRF.java:347)
ERR-	at it.thera.thip.logis.rf.gui.InserimentoMovimentiStdRF.esegui(InserimentoMovimentiStdRF.java:5064)
ERR-	at sun.reflect.NativeMethodAccessorImpl.invoke0(Native Method)
ERR-	at sun.reflect.NativeMethodAccessorImpl.invoke(NativeMethodAccessorImpl.java:62)
ERR-	at sun.reflect.DelegatingMethodAccessorImpl.invoke(DelegatingMethodAccessorImpl.java:43)
ERR-	at java.lang.reflect.Method.invoke(Method.java:498)
ERR-	at it.thera.thip.logis.rf.LogisLogin.apriMenuUtente(LogisLogin.java:492)
ERR-	at it.thera.thip.logis.rf.ThipLogin.start(ThipLogin.java:168)
ERR-	at sun.reflect.NativeMethodAccessorImpl.invoke0(Native Method)
ERR-	at sun.reflect.NativeMethodAccessorImpl.invoke(NativeMethodAccessorImpl.java:62)
ERR-	at sun.reflect.DelegatingMethodAccessorImpl.invoke(DelegatingMethodAccessorImpl.java:43)
ERR-	at java.lang.reflect.Method.invoke(Method.java:498)
ERR-	at com.thera.thermfw.rf.driver.DriverVT100.startApplication(DriverVT100.java:1515)
ERR-	at com.thera.thermfw.rf.driver.PortManager$Client.run(PortManager.java:763)
ERR-DFT 2023-12-19 10:35:43.846 [ADMIN_001] <Client - /127.0.0.1:55860>: java.sql.SQLException: Column[LOGIS.LUBICAZIONE.CODICE CHAR(15,0)] cannot contain the value ' MA2MQ7RI06-MMXG4.10.AX MA2MQ7RI06-MMXG4.10.AX'
ERR-	at com.thera.thermfw.persist.Column.write(Column.java:482)
ERR-	at com.thera.thermfw.persist.JDBCTable.uploadKeyColumnValues(JDBCTable.java:619)
ERR-	at com.thera.thermfw.persist.JDBCTable.read(JDBCTable.java:633)
ERR-	at com.thera.thermfw.persist.TableManager.executeRead(TableManager.java:1452)
ERR-	at com.thera.thermfw.persist.TableManager.select(TableManager.java:186)
ERR-	at com.thera.thermfw.persist.TableManager.select(TableManager.java:196)
ERR-	at com.thera.thermfw.persist.PersistentObject.retrieve(PersistentObject.java:380)
ERR-	at it.thera.thip.logis.bas.LogisNLSPO.retrieve(LogisNLSPO.java:100)
ERR-	at it.thera.thip.logis.fis.Ubicazione.elementWithKey(Ubicazione.java:1657)
ERR-	at it.thera.thip.logis.fis.OperazioneMovimento.trovaOggettoDaCodice(OperazioneMovimento.java:518)
ERR-	at it.thera.thip.logis.fis.InserimentoMovimenti.trovaBarcode(InserimentoMovimenti.java:1572)
ERR-	at it.thera.thip.logis.fis.InserimentoMovimenti.checkCampoVariabile(InserimentoMovimenti.java:1385)
ERR-	at it.thera.thip.logis.rf.gui.InserimentoMovimentiStdRF.testPaginaBarcodeArticolo(InserimentoMovimentiStdRF.java:2327)
ERR-	at it.thera.thip.logis.rf.gui.InserimentoMovimentiStdRF.paginaBarcodeArticolo(InserimentoMovimentiStdRF.java:2266)
ERR-	at it.thera.thip.logis.rf.gui.InserimentoMovimentiStdRF.esegui(InserimentoMovimentiStdRF.java:347)
ERR-	at it.thera.thip.logis.rf.gui.InserimentoMovimentiStdRF.esegui(InserimentoMovimentiStdRF.java:5064)
ERR-	at sun.reflect.NativeMethodAccessorImpl.invoke0(Native Method)
ERR-	at sun.reflect.NativeMethodAccessorImpl.invoke(NativeMethodAccessorImpl.java:62)
ERR-	at sun.reflect.DelegatingMethodAccessorImpl.invoke(DelegatingMethodAccessorImpl.java:43)
ERR-	at java.lang.reflect.Method.invoke(Method.java:498)
ERR-	at it.thera.thip.logis.rf.LogisLogin.apriMenuUtente(LogisLogin.java:492)
ERR-	at it.thera.thip.logis.rf.ThipLogin.start(ThipLogin.java:168)
ERR-	at sun.reflect.NativeMethodAccessorImpl.invoke0(Native Method)
ERR-	at sun.reflect.NativeMethodAccessorImpl.invoke(NativeMethodAccessorImpl.java:62)
ERR-	at sun.reflect.DelegatingMethodAccessorImpl.invoke(DelegatingMethodAccessorImpl.java:43)
ERR-	at java.lang.reflect.Method.invoke(Method.java:498)
ERR-	at com.thera.thermfw.rf.driver.DriverVT100.startApplication(DriverVT100.java:1515)
ERR-	at com.thera.thermfw.rf.driver.PortManager$Client.run(PortManager.java:763)
ERR-DFT 2023-12-19 10:35:46.481 [ADMIN_001] <Client - /127.0.0.1:55860>: java.sql.SQLException: Column[LOGIS.LUBICAZIONE.CODICE CHAR(15,0)] cannot contain the value ' MA2MQ7RI06-MMXG4.10.AX'
ERR-	at com.thera.thermfw.persist.Column.write(Column.java:482)
ERR-	at com.thera.thermfw.persist.JDBCTable.uploadKeyColumnValues(JDBCTable.java:619)
ERR-	at com.thera.thermfw.persist.JDBCTable.read(JDBCTable.java:633)
ERR-	at com.thera.thermfw.persist.TableManager.executeRead(TableManager.java:1452)
ERR-	at com.thera.thermfw.persist.TableManager.select(TableManager.java:186)
ERR-	at com.thera.thermfw.persist.TableManager.select(TableManager.java:196)
ERR-	at com.thera.thermfw.persist.PersistentObject.retrieve(PersistentObject.java:380)
ERR-	at it.thera.thip.logis.bas.LogisNLSPO.retrieve(LogisNLSPO.java:100)
ERR-	at it.thera.thip.logis.fis.Ubicazione.elementWithKey(Ubicazione.java:1657)
ERR-	at it.thera.thip.logis.fis.OperazioneMovimento.trovaOggettoDaCodice(OperazioneMovimento.java:518)
ERR-	at it.thera.thip.logis.fis.InserimentoMovimenti.trovaBarcode(InserimentoMovimenti.java:1572)
ERR-	at it.thera.thip.logis.fis.InserimentoMovimenti.checkCampoVariabile(InserimentoMovimenti.java:1385)
ERR-	at it.thera.thip.logis.rf.gui.InserimentoMovimentiStdRF.testPaginaBarcodeArticolo(InserimentoMovimentiStdRF.java:2327)
ERR-	at it.thera.thip.logis.rf.gui.InserimentoMovimentiStdRF.paginaBarcodeArticolo(InserimentoMovimentiStdRF.java:2266)
ERR-	at it.thera.thip.logis.rf.gui.InserimentoMovimentiStdRF.esegui(InserimentoMovimentiStdRF.java:347)
ERR-	at it.thera.thip.logis.rf.gui.InserimentoMovimentiStdRF.esegui(InserimentoMovimentiStdRF.java:5064)
ERR-	at sun.reflect.NativeMethodAccessorImpl.invoke0(Native Method)
ERR-	at sun.reflect.NativeMethodAccessorImpl.invoke(NativeMethodAccessorImpl.java:62)
ERR-	at sun.reflect.DelegatingMethodAccessorImpl.invoke(DelegatingMethodAccessorImpl.java:43)
ERR-	at java.lang.reflect.Method.invoke(Method.java:498)
ERR-	at it.thera.thip.logis.rf.LogisLogin.apriMenuUtente(LogisLogin.java:492)
ERR-	at it.thera.thip.logis.rf.ThipLogin.start(ThipLogin.java:168)
ERR-	at sun.reflect.NativeMethodAccessorImpl.invoke0(Native Method)
ERR-	at sun.reflect.NativeMethodAccessorImpl.invoke(NativeMethodAccessorImpl.java:62)
ERR-	at sun.reflect.DelegatingMethodAccessorImpl.invoke(DelegatingMethodAccessorImpl.java:43)
ERR-	at java.lang.reflect.Method.invoke(Method.java:498)
ERR-	at com.thera.thermfw.rf.driver.DriverVT100.startApplication(DriverVT100.java:1515)
ERR-	at com.thera.thermfw.rf.driver.PortManager$Client.run(PortManager.java:763)
ERR-DFT 2023-12-19 10:35:49.315 [ADMIN_001] <Client - /127.0.0.1:55860>: java.sql.SQLException: Column[LOGIS.LUBICAZIONE.CODICE CHAR(15,0)] cannot contain the value ' MA2MQ7RI06-MMXG4.10.AX'
ERR-	at com.thera.thermfw.persist.Column.write(Column.java:482)
ERR-	at com.thera.thermfw.persist.JDBCTable.uploadKeyColumnValues(JDBCTable.java:619)
ERR-	at com.thera.thermfw.persist.JDBCTable.read(JDBCTable.java:633)
ERR-	at com.thera.thermfw.persist.TableManager.executeRead(TableManager.java:1452)
ERR-	at com.thera.thermfw.persist.TableManager.select(TableManager.java:186)
ERR-	at com.thera.thermfw.persist.TableManager.select(TableManager.java:196)
ERR-	at com.thera.thermfw.persist.PersistentObject.retrieve(PersistentObject.java:380)
ERR-	at it.thera.thip.logis.bas.LogisNLSPO.retrieve(LogisNLSPO.java:100)
ERR-	at it.thera.thip.logis.fis.Ubicazione.elementWithKey(Ubicazione.java:1657)
ERR-	at it.thera.thip.logis.fis.OperazioneMovimento.trovaOggettoDaCodice(OperazioneMovimento.java:518)
ERR-	at it.thera.thip.logis.fis.InserimentoMovimenti.trovaBarcode(InserimentoMovimenti.java:1572)
ERR-	at it.thera.thip.logis.fis.InserimentoMovimenti.checkCampoVariabile(InserimentoMovimenti.java:1385)
ERR-	at it.thera.thip.logis.rf.gui.InserimentoMovimentiStdRF.testPaginaBarcodeArticolo(InserimentoMovimentiStdRF.java:2327)
ERR-	at it.thera.thip.logis.rf.gui.InserimentoMovimentiStdRF.paginaBarcodeArticolo(InserimentoMovimentiStdRF.java:2266)
ERR-	at it.thera.thip.logis.rf.gui.InserimentoMovimentiStdRF.esegui(InserimentoMovimentiStdRF.java:347)
ERR-	at it.thera.thip.logis.rf.gui.InserimentoMovimentiStdRF.esegui(InserimentoMovimentiStdRF.java:5064)
ERR-	at sun.reflect.NativeMethodAccessorImpl.invoke0(Native Method)
ERR-	at sun.reflect.NativeMethodAccessorImpl.invoke(NativeMethodAccessorImpl.java:62)
ERR-	at sun.reflect.DelegatingMethodAccessorImpl.invoke(DelegatingMethodAccessorImpl.java:43)
ERR-	at java.lang.reflect.Method.invoke(Method.java:498)
ERR-	at it.thera.thip.logis.rf.LogisLogin.apriMenuUtente(LogisLogin.java:492)
ERR-	at it.thera.thip.logis.rf.ThipLogin.start(ThipLogin.java:168)
ERR-	at sun.reflect.NativeMethodAccessorImpl.invoke0(Native Method)
ERR-	at sun.reflect.NativeMethodAccessorImpl.invoke(NativeMethodAccessorImpl.java:62)
ERR-	at sun.reflect.DelegatingMethodAccessorImpl.invoke(DelegatingMethodAccessorImpl.java:43)
ERR-	at java.lang.reflect.Method.invoke(Method.java:498)
ERR-	at com.thera.thermfw.rf.driver.DriverVT100.startApplication(DriverVT100.java:1515)
ERR-	at com.thera.thermfw.rf.driver.PortManager$Client.run(PortManager.java:763)
