ERR-DFT 2023-12-21 09:13:54.962 [ADMIN_001] <Client - /127.0.0.1:50014>: com.thera.thermfw.security.WrongPasswordException: La password specificata non è corretta
ERR-	at com.thera.thermfw.security.Security.serviceOpenSession(Security.java:417)
ERR-	at com.thera.thermfw.security.Security.openSession(Security.java:225)
ERR-	at com.thera.thermfw.security.Security.openSession(Security.java:196)
ERR-	at it.thera.thip.logis.rf.LogisLogin.conDB(LogisLogin.java:569)
ERR-	at it.thera.thip.logis.rf.ThipLogin.start(ThipLogin.java:152)
ERR-	at sun.reflect.NativeMethodAccessorImpl.invoke0(Native Method)
ERR-	at sun.reflect.NativeMethodAccessorImpl.invoke(NativeMethodAccessorImpl.java:62)
ERR-	at sun.reflect.DelegatingMethodAccessorImpl.invoke(DelegatingMethodAccessorImpl.java:43)
ERR-	at java.lang.reflect.Method.invoke(Method.java:498)
ERR-	at com.thera.thermfw.rf.driver.DriverVT100.startApplication(DriverVT100.java:1515)
ERR-	at com.thera.thermfw.rf.driver.PortManager$Client.run(PortManager.java:763)
ERR-DFT 2023-12-21 09:18:50.692 [ADMIN_001] <Client - /127.0.0.1:50014>: java.net.SocketException: Terminalino disconnesso
ERR-	at com.thera.thermfw.rf.driver.DriverVT100.readInput(DriverVT100.java:884)
ERR-	at com.thera.thermfw.rf.driver.WirelessApplication.readInput(WirelessApplication.java:87)
ERR-	at it.thera.thip.logis.rf.gui.InserimentoMovimentiStdRF.paginaBarcodeArticolo(InserimentoMovimentiStdRF.java:2238)
ERR-	at it.thera.thip.logis.rf.gui.InserimentoMovimentiStdRF.esegui(InserimentoMovimentiStdRF.java:347)
ERR-	at it.thera.thip.logis.rf.gui.InserimentoMovimentiStdRF.esegui(InserimentoMovimentiStdRF.java:5064)
ERR-	at sun.reflect.NativeMethodAccessorImpl.invoke0(Native Method)
ERR-	at sun.reflect.NativeMethodAccessorImpl.invoke(NativeMethodAccessorImpl.java:62)
ERR-	at sun.reflect.DelegatingMethodAccessorImpl.invoke(DelegatingMethodAccessorImpl.java:43)
ERR-	at java.lang.reflect.Method.invoke(Method.java:498)
ERR-	at it.thera.thip.logis.rf.LogisLogin.apriMenuUtente(LogisLogin.java:492)
ERR-	at it.thera.thip.logis.rf.ThipLogin.start(ThipLogin.java:168)
ERR-	at sun.reflect.NativeMethodAccessorImpl.invoke0(Native Method)
ERR-	at sun.reflect.NativeMethodAccessorImpl.invoke(NativeMethodAccessorImpl.java:62)
ERR-	at sun.reflect.DelegatingMethodAccessorImpl.invoke(DelegatingMethodAccessorImpl.java:43)
ERR-	at java.lang.reflect.Method.invoke(Method.java:498)
ERR-	at com.thera.thermfw.rf.driver.DriverVT100.startApplication(DriverVT100.java:1515)
ERR-	at com.thera.thermfw.rf.driver.PortManager$Client.run(PortManager.java:763)
ERR-DFT 2023-12-21 09:18:50.695 [ADMIN_001] <Client - /127.0.0.1:50014>: java.net.SocketException: Software caused connection abort: socket write error
ERR-	at java.net.SocketOutputStream.socketWrite0(Native Method)
ERR-	at java.net.SocketOutputStream.socketWrite(SocketOutputStream.java:111)
ERR-	at java.net.SocketOutputStream.write(SocketOutputStream.java:134)
ERR-	at java.io.DataOutputStream.writeBytes(DataOutputStream.java:276)
ERR-	at com.thera.thermfw.rf.driver.DriverVT100.readInput(DriverVT100.java:831)
ERR-	at com.thera.thermfw.rf.driver.WirelessApplication.readInput(WirelessApplication.java:87)
ERR-	at it.thera.thip.logis.rf.LogisLogin.apriMenuUtente(LogisLogin.java:435)
ERR-	at it.thera.thip.logis.rf.ThipLogin.start(ThipLogin.java:168)
ERR-	at sun.reflect.NativeMethodAccessorImpl.invoke0(Native Method)
ERR-	at sun.reflect.NativeMethodAccessorImpl.invoke(NativeMethodAccessorImpl.java:62)
ERR-	at sun.reflect.DelegatingMethodAccessorImpl.invoke(DelegatingMethodAccessorImpl.java:43)
ERR-	at java.lang.reflect.Method.invoke(Method.java:498)
ERR-	at com.thera.thermfw.rf.driver.DriverVT100.startApplication(DriverVT100.java:1515)
ERR-	at com.thera.thermfw.rf.driver.PortManager$Client.run(PortManager.java:763)
