ERR-DFT 2023-12-20 10:23:04.063 [ADMIN_001] <Client - /127.0.0.1:61367>: java.net.SocketException: Terminalino disconnesso
ERR-	at com.thera.thermfw.rf.driver.DriverVT100.readInput(DriverVT100.java:884)
ERR-	at com.thera.thermfw.rf.driver.WirelessApplication.readInput(WirelessApplication.java:87)
ERR-	at it.thera.thip.logis.rf.gui.InserimentoMovimentiStdRF.paginaMovimento(InserimentoMovimentiStdRF.java:3333)
ERR-	at it.thera.thip.logis.rf.gui.InserimentoMovimentiStdRF.esegui(InserimentoMovimentiStdRF.java:367)
ERR-	at it.thera.thip.logis.rf.gui.InserimentoMovimentiStdRF.esegui(InserimentoMovimentiStdRF.java:5064)
ERR-	at sun.reflect.NativeMethodAccessorImpl.invoke0(Native Method)
ERR-	at sun.reflect.NativeMethodAccessorImpl.invoke(NativeMethodAccessorImpl.java:62)
ERR-	at sun.reflect.DelegatingMethodAccessorImpl.invoke(DelegatingMethodAccessorImpl.java:43)
ERR-	at java.lang.reflect.Method.invoke(Method.java:498)
ERR-	at it.thera.thip.logis.rf.LogisLogin.apriMenuUtente(LogisLogin.java:492)
ERR-	at it.thera.thip.logis.rf.ThipLogin.start(ThipLogin.java:168)
ERR-	at sun.reflect.NativeMethodAccessorImpl.invoke0(Native Method)
ERR-	at sun.reflect.NativeMethodAccessorImpl.invoke(NativeMethodAccessorImpl.java:62)
ERR-	at sun.reflect.DelegatingMethodAccessorImpl.invoke(DelegatingMethodAccessorImpl.java:43)
ERR-	at java.lang.reflect.Method.invoke(Method.java:498)
ERR-	at com.thera.thermfw.rf.driver.DriverVT100.startApplication(DriverVT100.java:1515)
ERR-	at com.thera.thermfw.rf.driver.PortManager$Client.run(PortManager.java:763)
ERR-DFT 2023-12-20 10:23:04.066 [ADMIN_001] <Client - /127.0.0.1:61367>: java.net.SocketException: Software caused connection abort: socket write error
ERR-	at java.net.SocketOutputStream.socketWrite0(Native Method)
ERR-	at java.net.SocketOutputStream.socketWrite(SocketOutputStream.java:111)
ERR-	at java.net.SocketOutputStream.write(SocketOutputStream.java:134)
ERR-	at java.io.DataOutputStream.writeBytes(DataOutputStream.java:276)
ERR-	at com.thera.thermfw.rf.driver.DriverVT100.readInput(DriverVT100.java:831)
ERR-	at com.thera.thermfw.rf.driver.WirelessApplication.readInput(WirelessApplication.java:87)
ERR-	at it.thera.thip.logis.rf.LogisLogin.apriMenuUtente(LogisLogin.java:435)
ERR-	at it.thera.thip.logis.rf.ThipLogin.start(ThipLogin.java:168)
ERR-	at sun.reflect.NativeMethodAccessorImpl.invoke0(Native Method)
ERR-	at sun.reflect.NativeMethodAccessorImpl.invoke(NativeMethodAccessorImpl.java:62)
ERR-	at sun.reflect.DelegatingMethodAccessorImpl.invoke(DelegatingMethodAccessorImpl.java:43)
ERR-	at java.lang.reflect.Method.invoke(Method.java:498)
ERR-	at com.thera.thermfw.rf.driver.DriverVT100.startApplication(DriverVT100.java:1515)
ERR-	at com.thera.thermfw.rf.driver.PortManager$Client.run(PortManager.java:763)
ERR-DFT 2023-12-20 10:25:54.489 [ADMIN_001] <Client - /127.0.0.1:61472>: java.lang.reflect.InvocationTargetException
ERR-	at sun.reflect.NativeMethodAccessorImpl.invoke0(Native Method)
ERR-	at sun.reflect.NativeMethodAccessorImpl.invoke(NativeMethodAccessorImpl.java:62)
ERR-	at sun.reflect.DelegatingMethodAccessorImpl.invoke(DelegatingMethodAccessorImpl.java:43)
ERR-	at java.lang.reflect.Method.invoke(Method.java:498)
ERR-	at it.thera.thip.logis.rf.LogisLogin.apriMenuUtente(LogisLogin.java:492)
ERR-	at it.thera.thip.logis.rf.ThipLogin.start(ThipLogin.java:168)
ERR-	at sun.reflect.NativeMethodAccessorImpl.invoke0(Native Method)
ERR-	at sun.reflect.NativeMethodAccessorImpl.invoke(NativeMethodAccessorImpl.java:62)
ERR-	at sun.reflect.DelegatingMethodAccessorImpl.invoke(DelegatingMethodAccessorImpl.java:43)
ERR-	at java.lang.reflect.Method.invoke(Method.java:498)
ERR-	at com.thera.thermfw.rf.driver.DriverVT100.startApplication(DriverVT100.java:1515)
ERR-	at com.thera.thermfw.rf.driver.PortManager$Client.run(PortManager.java:763)
ERR-DFT 2023-12-20 10:25:54.489 [ADMIN_001] <Client - /127.0.0.1:61472>: Caused by: java.lang.NullPointerException
ERR-	at it.thera.thip.logis.rf.gui.InserimentoMovimentiStdRF.settaDatiForm(InserimentoMovimentiStdRF.java:3080)
ERR-	at it.thera.thip.logis.rf.gui.InserimentoMovimentiStdRF.paginaMovimento(InserimentoMovimentiStdRF.java:3330)
ERR-	at it.thera.thip.logis.rf.gui.InserimentoMovimentiStdRF.esegui(InserimentoMovimentiStdRF.java:367)
ERR-	at it.thera.thip.logis.rf.gui.InserimentoMovimentiStdRF.esegui(InserimentoMovimentiStdRF.java:5064)
ERR-DFT 2023-12-20 10:25:54.489 [ADMIN_001] <Client - /127.0.0.1:61472>: 	... 12 more
ERR-DFT 2023-12-20 10:28:04.040 [ADMIN_001] <Client - /127.0.0.1:61472>: java.sql.SQLException: Column[LOGIS.LUBICAZIONE.CODICE CHAR(15,0)] cannot contain the value 'MA2MQ7RI06-MMXG4.10.AX+'
ERR-	at com.thera.thermfw.persist.Column.write(Column.java:482)
ERR-	at com.thera.thermfw.persist.JDBCTable.uploadKeyColumnValues(JDBCTable.java:619)
ERR-	at com.thera.thermfw.persist.JDBCTable.read(JDBCTable.java:633)
ERR-	at com.thera.thermfw.persist.TableManager.executeRead(TableManager.java:1452)
ERR-	at com.thera.thermfw.persist.TableManager.select(TableManager.java:186)
ERR-	at com.thera.thermfw.persist.TableManager.select(TableManager.java:196)
ERR-	at com.thera.thermfw.persist.PersistentObject.retrieve(PersistentObject.java:380)
ERR-	at it.thera.thip.logis.bas.LogisNLSPO.retrieve(LogisNLSPO.java:100)
ERR-	at it.thera.thip.logis.fis.Ubicazione.elementWithKey(Ubicazione.java:1657)
ERR-	at it.thera.thip.logis.fis.OperazioneMovimento.trovaOggettoDaCodice(OperazioneMovimento.java:518)
ERR-	at it.thera.thip.logis.fis.InserimentoMovimenti.trovaBarcode(InserimentoMovimenti.java:1572)
ERR-	at it.thera.thip.logis.fis.InserimentoMovimenti.checkCampoVariabile(InserimentoMovimenti.java:1385)
ERR-	at it.thera.thip.logis.rf.gui.InserimentoMovimentiStdRF.testPaginaBarcodeArticolo(InserimentoMovimentiStdRF.java:2327)
ERR-	at it.thera.thip.logis.rf.gui.InserimentoMovimentiStdRF.paginaBarcodeArticolo(InserimentoMovimentiStdRF.java:2266)
ERR-	at it.thera.thip.logis.rf.gui.InserimentoMovimentiStdRF.esegui(InserimentoMovimentiStdRF.java:347)
ERR-	at it.thera.thip.logis.rf.gui.InserimentoMovimentiStdRF.esegui(InserimentoMovimentiStdRF.java:5064)
ERR-	at sun.reflect.NativeMethodAccessorImpl.invoke0(Native Method)
ERR-	at sun.reflect.NativeMethodAccessorImpl.invoke(NativeMethodAccessorImpl.java:62)
ERR-	at sun.reflect.DelegatingMethodAccessorImpl.invoke(DelegatingMethodAccessorImpl.java:43)
ERR-	at java.lang.reflect.Method.invoke(Method.java:498)
ERR-	at it.thera.thip.logis.rf.LogisLogin.apriMenuUtente(LogisLogin.java:492)
ERR-	at it.thera.thip.logis.rf.ThipLogin.start(ThipLogin.java:168)
ERR-	at sun.reflect.NativeMethodAccessorImpl.invoke0(Native Method)
ERR-	at sun.reflect.NativeMethodAccessorImpl.invoke(NativeMethodAccessorImpl.java:62)
ERR-	at sun.reflect.DelegatingMethodAccessorImpl.invoke(DelegatingMethodAccessorImpl.java:43)
ERR-	at java.lang.reflect.Method.invoke(Method.java:498)
ERR-	at com.thera.thermfw.rf.driver.DriverVT100.startApplication(DriverVT100.java:1515)
ERR-	at com.thera.thermfw.rf.driver.PortManager$Client.run(PortManager.java:763)
ERR-DFT 2023-12-20 10:28:04.041 [ADMIN_001] <Client - /127.0.0.1:61472>: java.sql.SQLException: Column[LOGIS.LMAPPA_UDC.CODICE CHAR(20,0)] cannot contain the value 'MA2MQ7RI06-MMXG4.10.AX+'
ERR-	at com.thera.thermfw.persist.Column.write(Column.java:482)
ERR-	at com.thera.thermfw.persist.JDBCTable.uploadKeyColumnValues(JDBCTable.java:619)
ERR-	at com.thera.thermfw.persist.JDBCTable.read(JDBCTable.java:633)
ERR-	at com.thera.thermfw.persist.TableManager.executeRead(TableManager.java:1452)
ERR-	at com.thera.thermfw.persist.TableManager.select(TableManager.java:186)
ERR-	at com.thera.thermfw.persist.TableManager.select(TableManager.java:196)
ERR-	at com.thera.thermfw.persist.PersistentObject.retrieve(PersistentObject.java:380)
ERR-	at it.thera.thip.logis.fis.MappaUdc.elementWithKey(MappaUdc.java:1074)
ERR-	at it.thera.thip.logis.fis.OperazioneMovimento.trovaOggettoDaCodice(OperazioneMovimento.java:528)
ERR-	at it.thera.thip.logis.fis.InserimentoMovimenti.trovaBarcode(InserimentoMovimenti.java:1572)
ERR-	at it.thera.thip.logis.fis.InserimentoMovimenti.checkCampoVariabile(InserimentoMovimenti.java:1385)
ERR-	at it.thera.thip.logis.rf.gui.InserimentoMovimentiStdRF.testPaginaBarcodeArticolo(InserimentoMovimentiStdRF.java:2327)
ERR-	at it.thera.thip.logis.rf.gui.InserimentoMovimentiStdRF.paginaBarcodeArticolo(InserimentoMovimentiStdRF.java:2266)
ERR-	at it.thera.thip.logis.rf.gui.InserimentoMovimentiStdRF.esegui(InserimentoMovimentiStdRF.java:347)
ERR-	at it.thera.thip.logis.rf.gui.InserimentoMovimentiStdRF.esegui(InserimentoMovimentiStdRF.java:5064)
ERR-	at sun.reflect.NativeMethodAccessorImpl.invoke0(Native Method)
ERR-	at sun.reflect.NativeMethodAccessorImpl.invoke(NativeMethodAccessorImpl.java:62)
ERR-	at sun.reflect.DelegatingMethodAccessorImpl.invoke(DelegatingMethodAccessorImpl.java:43)
ERR-	at java.lang.reflect.Method.invoke(Method.java:498)
ERR-	at it.thera.thip.logis.rf.LogisLogin.apriMenuUtente(LogisLogin.java:492)
ERR-	at it.thera.thip.logis.rf.ThipLogin.start(ThipLogin.java:168)
ERR-	at sun.reflect.NativeMethodAccessorImpl.invoke0(Native Method)
ERR-	at sun.reflect.NativeMethodAccessorImpl.invoke(NativeMethodAccessorImpl.java:62)
ERR-	at sun.reflect.DelegatingMethodAccessorImpl.invoke(DelegatingMethodAccessorImpl.java:43)
ERR-	at java.lang.reflect.Method.invoke(Method.java:498)
ERR-	at com.thera.thermfw.rf.driver.DriverVT100.startApplication(DriverVT100.java:1515)
ERR-	at com.thera.thermfw.rf.driver.PortManager$Client.run(PortManager.java:763)
ERR-DFT 2023-12-20 10:28:27.327 [ADMIN_001] <Client - /127.0.0.1:61472>: java.net.SocketException: Software caused connection abort: socket write error
ERR-	at java.net.SocketOutputStream.socketWrite0(Native Method)
ERR-	at java.net.SocketOutputStream.socketWrite(SocketOutputStream.java:111)
ERR-	at java.net.SocketOutputStream.write(SocketOutputStream.java:134)
ERR-	at java.io.DataOutputStream.writeBytes(DataOutputStream.java:276)
ERR-	at com.thera.thermfw.rf.driver.DriverVT100.readInput(DriverVT100.java:831)
ERR-	at com.thera.thermfw.rf.driver.WirelessApplication.readInput(WirelessApplication.java:87)
ERR-	at it.thera.thip.logis.rf.ThipLogin.start(ThipLogin.java:135)
ERR-	at sun.reflect.NativeMethodAccessorImpl.invoke0(Native Method)
ERR-	at sun.reflect.NativeMethodAccessorImpl.invoke(NativeMethodAccessorImpl.java:62)
ERR-	at sun.reflect.DelegatingMethodAccessorImpl.invoke(DelegatingMethodAccessorImpl.java:43)
ERR-	at java.lang.reflect.Method.invoke(Method.java:498)
ERR-	at com.thera.thermfw.rf.driver.DriverVT100.startApplication(DriverVT100.java:1515)
ERR-	at com.thera.thermfw.rf.driver.PortManager$Client.run(PortManager.java:763)
ERR-DFT 2023-12-20 10:50:29.244 [ADMIN_001] <Client - /127.0.0.1:60580>: java.net.SocketException: Terminalino disconnesso
ERR-	at com.thera.thermfw.rf.driver.DriverVT100.readInput(DriverVT100.java:884)
ERR-	at com.thera.thermfw.rf.driver.WirelessApplication.readInput(WirelessApplication.java:87)
ERR-	at it.thera.thip.logis.rf.gui.InserimentoMovimentiStdRF.paginaMovimento(InserimentoMovimentiStdRF.java:3333)
ERR-	at it.thera.thip.logis.rf.gui.InserimentoMovimentiStdRF.esegui(InserimentoMovimentiStdRF.java:367)
ERR-	at it.thera.thip.logis.rf.gui.InserimentoMovimentiStdRF.esegui(InserimentoMovimentiStdRF.java:5064)
ERR-	at sun.reflect.NativeMethodAccessorImpl.invoke0(Native Method)
ERR-	at sun.reflect.NativeMethodAccessorImpl.invoke(NativeMethodAccessorImpl.java:62)
ERR-	at sun.reflect.DelegatingMethodAccessorImpl.invoke(DelegatingMethodAccessorImpl.java:43)
ERR-	at java.lang.reflect.Method.invoke(Method.java:498)
ERR-	at it.thera.thip.logis.rf.LogisLogin.apriMenuUtente(LogisLogin.java:492)
ERR-	at it.thera.thip.logis.rf.ThipLogin.start(ThipLogin.java:168)
ERR-	at sun.reflect.NativeMethodAccessorImpl.invoke0(Native Method)
ERR-	at sun.reflect.NativeMethodAccessorImpl.invoke(NativeMethodAccessorImpl.java:62)
ERR-	at sun.reflect.DelegatingMethodAccessorImpl.invoke(DelegatingMethodAccessorImpl.java:43)
ERR-	at java.lang.reflect.Method.invoke(Method.java:498)
ERR-	at com.thera.thermfw.rf.driver.DriverVT100.startApplication(DriverVT100.java:1515)
ERR-	at com.thera.thermfw.rf.driver.PortManager$Client.run(PortManager.java:763)
ERR-DFT 2023-12-20 10:50:29.246 [ADMIN_001] <Client - /127.0.0.1:60580>: java.net.SocketException: Software caused connection abort: socket write error
ERR-	at java.net.SocketOutputStream.socketWrite0(Native Method)
ERR-	at java.net.SocketOutputStream.socketWrite(SocketOutputStream.java:111)
ERR-	at java.net.SocketOutputStream.write(SocketOutputStream.java:134)
ERR-	at java.io.DataOutputStream.writeBytes(DataOutputStream.java:276)
ERR-	at com.thera.thermfw.rf.driver.DriverVT100.readInput(DriverVT100.java:831)
ERR-	at com.thera.thermfw.rf.driver.WirelessApplication.readInput(WirelessApplication.java:87)
ERR-	at it.thera.thip.logis.rf.LogisLogin.apriMenuUtente(LogisLogin.java:435)
ERR-	at it.thera.thip.logis.rf.ThipLogin.start(ThipLogin.java:168)
ERR-	at sun.reflect.NativeMethodAccessorImpl.invoke0(Native Method)
ERR-	at sun.reflect.NativeMethodAccessorImpl.invoke(NativeMethodAccessorImpl.java:62)
ERR-	at sun.reflect.DelegatingMethodAccessorImpl.invoke(DelegatingMethodAccessorImpl.java:43)
ERR-	at java.lang.reflect.Method.invoke(Method.java:498)
ERR-	at com.thera.thermfw.rf.driver.DriverVT100.startApplication(DriverVT100.java:1515)
ERR-	at com.thera.thermfw.rf.driver.PortManager$Client.run(PortManager.java:763)
