ERR-DFT 2023-12-21 15:38:47.632 [ADMIN_001] <Client - /127.0.0.1:60853>: Connessione a Panthera Finance non attiva per il cliente 000453 con politica fido PFM
ERR-DFT 2023-12-21 15:38:47.637 [ADMIN_001] <Client - /127.0.0.1:60853>: it.thera.thip.cs.ObRun.RemotePlexCallException: Connection refused to host: localhost; nested exception is: 
	java.net.ConnectException: Connection refused: connect; nested exception is: 
	java.rmi.ConnectException: Connection refused to host: localhost; nested exception is: 
	java.net.ConnectException: Connection refused: connect
ERR-	at it.thera.thip.cs.ObRun.RemotePlexCall$RMICall.getRMIFunction(RemotePlexCall.java:125)
ERR-	at it.thera.thip.cs.ObRun.RemotePlexCall$RMICall.callStartAccess(RemotePlexCall.java:192)
ERR-	at it.thera.thip.cs.ObRun.RemotePlexCall$RMICall.<init>(RemotePlexCall.java:137)
ERR-	at it.thera.thip.cs.ObRun.RemotePlexCall.<init>(RemotePlexCall.java:42)
ERR-	at it.thera.thip.cs.ObRun.RemotePlexCall.<init>(RemotePlexCall.java:32)
ERR-	at it.thera.thip.base.controlloFido.ClientiFido.elaboraImportiFinance(ClientiFido.java:498)
ERR-	at it.thera.thip.base.controlloFido.ClientiFido.getTotaleDispFidoReale(ClientiFido.java:283)
ERR-	at it.thera.thip.base.controlloFido.ClientiFido.aggiornaImportiFidoRiga(ClientiFido.java:1252)
ERR-	at it.thera.thip.vendite.documentoVE.DocumentoVenditaRiga.controlloFidoRiga(DocumentoVenditaRiga.java:6517)
ERR-	at it.thera.thip.base.comuniVenAcq.DocumentoOrdineRiga.checkFidoPreSave(DocumentoOrdineRiga.java:2415)
ERR-	at it.thera.thip.base.comuniVenAcq.DocumentoOrdineRiga.save(DocumentoOrdineRiga.java:2547)
ERR-	at it.thera.thip.vendite.documentoVE.DocumentoVenditaRiga.salvaRiga(DocumentoVenditaRiga.java:3069)
ERR-	at it.thera.thip.vendite.documentoVE.DocumentoVenRigaPrm.salvaRiga(DocumentoVenRigaPrm.java:720)
ERR-	at it.thera.thip.vendite.documentoVE.DocumentoVenditaRiga.save(DocumentoVenditaRiga.java:2618)
ERR-	at it.thera.thip.vendite.documentoVE.DocumentoVenRigaPrm.save(DocumentoVenRigaPrm.java:1189)
ERR-	at it.valvorobica.thip.vendite.documentoVE.YDocumentoVenRigaPrm.save(YDocumentoVenRigaPrm.java:153)
ERR-	at com.thera.thermfw.persist.OneToMany.doInsertUpdating(OneToMany.java:495)
ERR-	at com.thera.thermfw.persist.OneToMany.save(OneToMany.java:366)
ERR-	at com.thera.thermfw.persist.OneToMany.save(OneToMany.java:345)
ERR-	at it.thera.thip.base.comuniVenAcq.DocumentoOrdineTestata.saveOwnedObjects(DocumentoOrdineTestata.java:3449)
ERR-	at it.thera.thip.base.comuniVenAcq.DocumentoTestata.saveOwnedObjects(DocumentoTestata.java:1363)
ERR-	at it.thera.thip.vendite.documentoVE.DocumentoVendita.saveOwnedObjects(DocumentoVendita.java:6758)
ERR-	at com.thera.thermfw.persist.PersistentObject.save(PersistentObject.java:535)
ERR-	at com.thera.thermfw.log.LoggablePersistentObject.save(LoggablePersistentObject.java:110)
ERR-	at it.thera.thip.base.documenti.DocumentoBase.save(DocumentoBase.java:1047)
ERR-	at it.thera.thip.base.comuniVenAcq.DocumentoOrdineTestata.save(DocumentoOrdineTestata.java:3010)
ERR-	at it.thera.thip.base.comuniVenAcq.DocumentoTestata.save(DocumentoTestata.java:1976)
ERR-	at it.thera.thip.vendite.documentoVE.DocumentoVendita.save(DocumentoVendita.java:3298)
ERR-	at it.valvorobica.thip.vendite.documentoVE.YDocumentoVendita.save(YDocumentoVendita.java:85)
ERR-	at com.thera.thermfw.persist.PersistentObject.save(PersistentObject.java:450)
ERR-	at com.thera.thermfw.collector.BODataCollector.runBoSave(BODataCollector.java:2059)
ERR-	at com.thera.thermfw.collector.BODataCollector.runSave(BODataCollector.java:1972)
ERR-	at com.thera.thermfw.collector.BODataCollector.saveInternal(BODataCollector.java:1891)
ERR-	at it.thera.thip.cs.EnhThipDataCollector.saveInternal(EnhThipDataCollector.java:170)
ERR-	at com.thera.thermfw.collector.BODataCollector.save(BODataCollector.java:1851)
ERR-	at com.thera.thermfw.collector.BODataCollector.save(BODataCollector.java:1832)
ERR-	at it.thera.thip.vendite.documentoVE.web.DocumentoVenditaDataCollector.save(DocumentoVenditaDataCollector.java:599)
ERR-	at it.thera.thip.base.generale.TestataLogisThip.salvaSuThipVen(TestataLogisThip.java:3696)
ERR-	at it.thera.thip.base.generale.CollegamentoLogisThip.formattaPackingListPerThip(CollegamentoLogisThip.java:534)
ERR-	at it.thera.thip.base.generale.CollegamentoLogisThip.salvaPackingListThip(CollegamentoLogisThip.java:420)
ERR-	at sun.reflect.NativeMethodAccessorImpl.invoke0(Native Method)
ERR-	at sun.reflect.NativeMethodAccessorImpl.invoke(NativeMethodAccessorImpl.java:62)
ERR-	at sun.reflect.DelegatingMethodAccessorImpl.invoke(DelegatingMethodAccessorImpl.java:43)
ERR-	at java.lang.reflect.Method.invoke(Method.java:498)
ERR-	at it.thera.thip.logis.bas.LogicaTrasmissione.invocaMetodo(LogicaTrasmissione.java:70)
ERR-	at it.thera.thip.logis.bas.LogicaTrasmissioneLista.esegui(LogicaTrasmissioneLista.java:58)
ERR-	at it.thera.thip.logis.bas.EsecutoreAzione.avvia(EsecutoreAzione.java:53)
ERR-	at sun.reflect.NativeMethodAccessorImpl.invoke0(Native Method)
ERR-	at sun.reflect.NativeMethodAccessorImpl.invoke(NativeMethodAccessorImpl.java:62)
ERR-	at sun.reflect.DelegatingMethodAccessorImpl.invoke(DelegatingMethodAccessorImpl.java:43)
ERR-	at java.lang.reflect.Method.invoke(Method.java:498)
ERR-	at it.thera.thip.logis.bas.Azione.essegui(Azione.java:456)
ERR-	at it.thera.thip.logis.bas.Azione.processa(Azione.java:587)
ERR-	at it.thera.thip.logis.bas.EventoApplicativo.creaEventoNotificaErrori(EventoApplicativo.java:147)
ERR-	at it.thera.thip.logis.bas.EventoApplicativo.creaEventoNotificaErrori(EventoApplicativo.java:126)
ERR-	at it.thera.thip.logis.lgb.TestataLista.lanciaEventoNotificaErrori(TestataLista.java:4529)
ERR-	at it.thera.thip.logis.lgb.TestataLista.lanciaEventoChiusura(TestataLista.java:4469)
ERR-	at it.thera.thip.logis.lgb.TestataLista.avanzaStato(TestataLista.java:3692)
ERR-	at it.thera.thip.logis.lgb.TestataLista.confermaAvanzamento(TestataLista.java:3455)
ERR-	at it.thera.thip.logis.fis.TestataUds.chiudiUds(TestataUds.java:807)
ERR-	at it.thera.thip.logis.rf.gui.ProcessaListeStdRF.testPaginaDimensioniUds(ProcessaListeStdRF.java:643)
ERR-	at it.thera.thip.logis.rf.gui.ProcessaListeStdRF.paginaDimensioniUds(ProcessaListeStdRF.java:473)
ERR-	at it.thera.thip.logis.rf.gui.ProcessaListeCompattoRF.paginaDimensioniUds(ProcessaListeCompattoRF.java:936)
ERR-	at it.valvorobica.thip.logis.rf.gui.YProcessaListeCompattoRF.esegui(YProcessaListeCompattoRF.java:337)
ERR-	at sun.reflect.NativeMethodAccessorImpl.invoke0(Native Method)
ERR-	at sun.reflect.NativeMethodAccessorImpl.invoke(NativeMethodAccessorImpl.java:62)
ERR-	at sun.reflect.DelegatingMethodAccessorImpl.invoke(DelegatingMethodAccessorImpl.java:43)
ERR-	at java.lang.reflect.Method.invoke(Method.java:498)
ERR-	at it.thera.thip.logis.rf.LogisLogin.apriMenuUtente(LogisLogin.java:505)
ERR-	at it.thera.thip.logis.rf.ThipLogin.start(ThipLogin.java:168)
ERR-	at sun.reflect.NativeMethodAccessorImpl.invoke0(Native Method)
ERR-	at sun.reflect.NativeMethodAccessorImpl.invoke(NativeMethodAccessorImpl.java:62)
ERR-	at sun.reflect.DelegatingMethodAccessorImpl.invoke(DelegatingMethodAccessorImpl.java:43)
ERR-	at java.lang.reflect.Method.invoke(Method.java:498)
ERR-	at com.thera.thermfw.rf.driver.DriverVT100.startApplication(DriverVT100.java:1515)
ERR-	at com.thera.thermfw.rf.driver.PortManager$Client.run(PortManager.java:763)
ERR-DFT 2023-12-21 15:38:47.642 [ADMIN_001] <Client - /127.0.0.1:60853>: Caused by: java.rmi.ConnectException: Connection refused to host: localhost; nested exception is: 
	java.net.ConnectException: Connection refused: connect
ERR-	at sun.rmi.transport.tcp.TCPEndpoint.newSocket(TCPEndpoint.java:619)
ERR-	at sun.rmi.transport.tcp.TCPChannel.createConnection(TCPChannel.java:216)
ERR-	at sun.rmi.transport.tcp.TCPChannel.newConnection(TCPChannel.java:202)
ERR-	at sun.rmi.server.UnicastRef.newCall(UnicastRef.java:338)
ERR-	at sun.rmi.registry.RegistryImpl_Stub.lookup(RegistryImpl_Stub.java:112)
ERR-	at it.thera.thip.cs.ObRun.RemotePlexCall$RMICall.getRMIFunction(RemotePlexCall.java:121)
ERR-DFT 2023-12-21 15:38:47.642 [ADMIN_001] <Client - /127.0.0.1:60853>: 	... 75 more
ERR-DFT 2023-12-21 15:38:47.642 [ADMIN_001] <Client - /127.0.0.1:60853>: Caused by: java.net.ConnectException: Connection refused: connect
ERR-	at java.net.DualStackPlainSocketImpl.connect0(Native Method)
ERR-	at java.net.DualStackPlainSocketImpl.socketConnect(DualStackPlainSocketImpl.java:79)
ERR-	at java.net.AbstractPlainSocketImpl.doConnect(AbstractPlainSocketImpl.java:350)
ERR-	at java.net.AbstractPlainSocketImpl.connectToAddress(AbstractPlainSocketImpl.java:206)
ERR-	at java.net.AbstractPlainSocketImpl.connect(AbstractPlainSocketImpl.java:188)
ERR-	at java.net.PlainSocketImpl.connect(PlainSocketImpl.java:172)
ERR-	at java.net.SocksSocketImpl.connect(SocksSocketImpl.java:392)
ERR-	at java.net.Socket.connect(Socket.java:589)
ERR-	at java.net.Socket.connect(Socket.java:538)
ERR-	at java.net.Socket.<init>(Socket.java:434)
ERR-	at java.net.Socket.<init>(Socket.java:211)
ERR-	at sun.rmi.transport.proxy.RMIDirectSocketFactory.createSocket(RMIDirectSocketFactory.java:40)
ERR-	at sun.rmi.transport.proxy.RMIMasterSocketFactory.createSocket(RMIMasterSocketFactory.java:148)
ERR-	at sun.rmi.transport.tcp.TCPEndpoint.newSocket(TCPEndpoint.java:613)
ERR-DFT 2023-12-21 15:38:47.644 [ADMIN_001] <Client - /127.0.0.1:60853>: 	... 80 more
ERR-DFT 2023-12-21 15:40:06.558 [ADMIN_001] <Client - /127.0.0.1:60853>: Connessione a Panthera Finance non attiva per il cliente 000453 con politica fido PFM
ERR-DFT 2023-12-21 15:40:06.559 [ADMIN_001] <Client - /127.0.0.1:60853>: it.thera.thip.cs.ObRun.RemotePlexCallException: Connection refused to host: localhost; nested exception is: 
	java.net.ConnectException: Connection refused: connect; nested exception is: 
	java.rmi.ConnectException: Connection refused to host: localhost; nested exception is: 
	java.net.ConnectException: Connection refused: connect
ERR-	at it.thera.thip.cs.ObRun.RemotePlexCall$RMICall.getRMIFunction(RemotePlexCall.java:125)
ERR-	at it.thera.thip.cs.ObRun.RemotePlexCall$RMICall.callStartAccess(RemotePlexCall.java:192)
ERR-	at it.thera.thip.cs.ObRun.RemotePlexCall$RMICall.<init>(RemotePlexCall.java:137)
ERR-	at it.thera.thip.cs.ObRun.RemotePlexCall.<init>(RemotePlexCall.java:42)
ERR-	at it.thera.thip.cs.ObRun.RemotePlexCall.<init>(RemotePlexCall.java:32)
ERR-	at it.thera.thip.base.controlloFido.ClientiFido.elaboraImportiFinance(ClientiFido.java:498)
ERR-	at it.thera.thip.base.controlloFido.ClientiFido.getTotaleDispFidoReale(ClientiFido.java:283)
ERR-	at it.thera.thip.base.controlloFido.ClientiFido.aggiornaImportiFidoRiga(ClientiFido.java:1252)
ERR-	at it.thera.thip.vendite.documentoVE.DocumentoVenditaRiga.controlloFidoRiga(DocumentoVenditaRiga.java:6517)
ERR-	at it.thera.thip.base.comuniVenAcq.DocumentoOrdineRiga.checkFidoPreSave(DocumentoOrdineRiga.java:2415)
ERR-	at it.thera.thip.base.comuniVenAcq.DocumentoOrdineRiga.save(DocumentoOrdineRiga.java:2547)
ERR-	at it.thera.thip.vendite.documentoVE.DocumentoVenditaRiga.salvaRiga(DocumentoVenditaRiga.java:3069)
ERR-	at it.thera.thip.vendite.documentoVE.DocumentoVenRigaPrm.salvaRiga(DocumentoVenRigaPrm.java:720)
ERR-	at it.thera.thip.vendite.documentoVE.DocumentoVenditaRiga.save(DocumentoVenditaRiga.java:2618)
ERR-	at it.thera.thip.vendite.documentoVE.DocumentoVenRigaPrm.save(DocumentoVenRigaPrm.java:1189)
ERR-	at it.valvorobica.thip.vendite.documentoVE.YDocumentoVenRigaPrm.save(YDocumentoVenRigaPrm.java:153)
ERR-	at com.thera.thermfw.persist.OneToMany.doInsertUpdating(OneToMany.java:495)
ERR-	at com.thera.thermfw.persist.OneToMany.save(OneToMany.java:366)
ERR-	at com.thera.thermfw.persist.OneToMany.save(OneToMany.java:345)
ERR-	at it.thera.thip.base.comuniVenAcq.DocumentoOrdineTestata.saveOwnedObjects(DocumentoOrdineTestata.java:3449)
ERR-	at it.thera.thip.base.comuniVenAcq.DocumentoTestata.saveOwnedObjects(DocumentoTestata.java:1363)
ERR-	at it.thera.thip.vendite.documentoVE.DocumentoVendita.saveOwnedObjects(DocumentoVendita.java:6758)
ERR-	at com.thera.thermfw.persist.PersistentObject.save(PersistentObject.java:535)
ERR-	at com.thera.thermfw.log.LoggablePersistentObject.save(LoggablePersistentObject.java:110)
ERR-	at it.thera.thip.base.documenti.DocumentoBase.save(DocumentoBase.java:1047)
ERR-	at it.thera.thip.base.comuniVenAcq.DocumentoOrdineTestata.save(DocumentoOrdineTestata.java:3010)
ERR-	at it.thera.thip.base.comuniVenAcq.DocumentoTestata.save(DocumentoTestata.java:1976)
ERR-	at it.thera.thip.vendite.documentoVE.DocumentoVendita.save(DocumentoVendita.java:3298)
ERR-	at it.valvorobica.thip.vendite.documentoVE.YDocumentoVendita.save(YDocumentoVendita.java:85)
ERR-	at com.thera.thermfw.persist.PersistentObject.save(PersistentObject.java:450)
ERR-	at com.thera.thermfw.collector.BODataCollector.runBoSave(BODataCollector.java:2059)
ERR-	at com.thera.thermfw.collector.BODataCollector.runSave(BODataCollector.java:1972)
ERR-	at com.thera.thermfw.collector.BODataCollector.saveInternal(BODataCollector.java:1891)
ERR-	at it.thera.thip.cs.EnhThipDataCollector.saveInternal(EnhThipDataCollector.java:170)
ERR-	at com.thera.thermfw.collector.BODataCollector.save(BODataCollector.java:1851)
ERR-	at com.thera.thermfw.collector.BODataCollector.save(BODataCollector.java:1832)
ERR-	at it.thera.thip.vendite.documentoVE.web.DocumentoVenditaDataCollector.save(DocumentoVenditaDataCollector.java:599)
ERR-	at it.thera.thip.base.generale.TestataLogisThip.salvaSuThipVen(TestataLogisThip.java:3696)
ERR-	at it.thera.thip.base.generale.CollegamentoLogisThip.formattaPackingListPerThip(CollegamentoLogisThip.java:534)
ERR-	at it.thera.thip.base.generale.CollegamentoLogisThip.salvaPackingListThip(CollegamentoLogisThip.java:420)
ERR-	at sun.reflect.NativeMethodAccessorImpl.invoke0(Native Method)
ERR-	at sun.reflect.NativeMethodAccessorImpl.invoke(NativeMethodAccessorImpl.java:62)
ERR-	at sun.reflect.DelegatingMethodAccessorImpl.invoke(DelegatingMethodAccessorImpl.java:43)
ERR-	at java.lang.reflect.Method.invoke(Method.java:498)
ERR-	at it.thera.thip.logis.bas.LogicaTrasmissione.invocaMetodo(LogicaTrasmissione.java:70)
ERR-	at it.thera.thip.logis.bas.LogicaTrasmissioneLista.esegui(LogicaTrasmissioneLista.java:58)
ERR-	at it.thera.thip.logis.bas.EsecutoreAzione.avvia(EsecutoreAzione.java:53)
ERR-	at sun.reflect.NativeMethodAccessorImpl.invoke0(Native Method)
ERR-	at sun.reflect.NativeMethodAccessorImpl.invoke(NativeMethodAccessorImpl.java:62)
ERR-	at sun.reflect.DelegatingMethodAccessorImpl.invoke(DelegatingMethodAccessorImpl.java:43)
ERR-	at java.lang.reflect.Method.invoke(Method.java:498)
ERR-	at it.thera.thip.logis.bas.Azione.essegui(Azione.java:456)
ERR-	at it.thera.thip.logis.bas.Azione.processa(Azione.java:587)
ERR-	at it.thera.thip.logis.bas.EventoApplicativo.creaEventoNotificaErrori(EventoApplicativo.java:147)
ERR-	at it.thera.thip.logis.bas.EventoApplicativo.creaEventoNotificaErrori(EventoApplicativo.java:126)
ERR-	at it.thera.thip.logis.lgb.TestataLista.lanciaEventoNotificaErrori(TestataLista.java:4529)
ERR-	at it.thera.thip.logis.lgb.TestataLista.lanciaEventoChiusura(TestataLista.java:4469)
ERR-	at it.thera.thip.logis.lgb.TestataLista.avanzaStato(TestataLista.java:3692)
ERR-	at it.thera.thip.logis.lgb.TestataLista.confermaAvanzamento(TestataLista.java:3455)
ERR-	at it.thera.thip.logis.fis.TestataUds.chiudiUds(TestataUds.java:807)
ERR-	at it.thera.thip.logis.rf.gui.ChiusuraUdsStdRF.testPaginaDimensioni(ChiusuraUdsStdRF.java:377)
ERR-	at it.thera.thip.logis.rf.gui.ChiusuraUdsStdRF.paginaDimensioni(ChiusuraUdsStdRF.java:253)
ERR-	at it.thera.thip.logis.rf.gui.ChiusuraUdsStdRF.esegui(ChiusuraUdsStdRF.java:99)
ERR-	at sun.reflect.NativeMethodAccessorImpl.invoke0(Native Method)
ERR-	at sun.reflect.NativeMethodAccessorImpl.invoke(NativeMethodAccessorImpl.java:62)
ERR-	at sun.reflect.DelegatingMethodAccessorImpl.invoke(DelegatingMethodAccessorImpl.java:43)
ERR-	at java.lang.reflect.Method.invoke(Method.java:498)
ERR-	at it.thera.thip.logis.rf.LogisLogin.apriMenuUtente(LogisLogin.java:505)
ERR-	at it.thera.thip.logis.rf.ThipLogin.start(ThipLogin.java:168)
ERR-	at sun.reflect.NativeMethodAccessorImpl.invoke0(Native Method)
ERR-	at sun.reflect.NativeMethodAccessorImpl.invoke(NativeMethodAccessorImpl.java:62)
ERR-	at sun.reflect.DelegatingMethodAccessorImpl.invoke(DelegatingMethodAccessorImpl.java:43)
ERR-	at java.lang.reflect.Method.invoke(Method.java:498)
ERR-	at com.thera.thermfw.rf.driver.DriverVT100.startApplication(DriverVT100.java:1515)
ERR-	at com.thera.thermfw.rf.driver.PortManager$Client.run(PortManager.java:763)
ERR-DFT 2023-12-21 15:40:06.562 [ADMIN_001] <Client - /127.0.0.1:60853>: Caused by: java.rmi.ConnectException: Connection refused to host: localhost; nested exception is: 
	java.net.ConnectException: Connection refused: connect
ERR-	at sun.rmi.transport.tcp.TCPEndpoint.newSocket(TCPEndpoint.java:619)
ERR-	at sun.rmi.transport.tcp.TCPChannel.createConnection(TCPChannel.java:216)
ERR-	at sun.rmi.transport.tcp.TCPChannel.newConnection(TCPChannel.java:202)
ERR-	at sun.rmi.server.UnicastRef.newCall(UnicastRef.java:338)
ERR-	at sun.rmi.registry.RegistryImpl_Stub.lookup(RegistryImpl_Stub.java:112)
ERR-	at it.thera.thip.cs.ObRun.RemotePlexCall$RMICall.getRMIFunction(RemotePlexCall.java:121)
ERR-DFT 2023-12-21 15:40:06.563 [ADMIN_001] <Client - /127.0.0.1:60853>: 	... 74 more
ERR-DFT 2023-12-21 15:40:06.563 [ADMIN_001] <Client - /127.0.0.1:60853>: Caused by: java.net.ConnectException: Connection refused: connect
ERR-	at java.net.DualStackPlainSocketImpl.connect0(Native Method)
ERR-	at java.net.DualStackPlainSocketImpl.socketConnect(DualStackPlainSocketImpl.java:79)
ERR-	at java.net.AbstractPlainSocketImpl.doConnect(AbstractPlainSocketImpl.java:350)
ERR-	at java.net.AbstractPlainSocketImpl.connectToAddress(AbstractPlainSocketImpl.java:206)
ERR-	at java.net.AbstractPlainSocketImpl.connect(AbstractPlainSocketImpl.java:188)
ERR-	at java.net.PlainSocketImpl.connect(PlainSocketImpl.java:172)
ERR-	at java.net.SocksSocketImpl.connect(SocksSocketImpl.java:392)
ERR-	at java.net.Socket.connect(Socket.java:589)
ERR-	at java.net.Socket.connect(Socket.java:538)
ERR-	at java.net.Socket.<init>(Socket.java:434)
ERR-	at java.net.Socket.<init>(Socket.java:211)
ERR-	at sun.rmi.transport.proxy.RMIDirectSocketFactory.createSocket(RMIDirectSocketFactory.java:40)
ERR-	at sun.rmi.transport.proxy.RMIMasterSocketFactory.createSocket(RMIMasterSocketFactory.java:148)
ERR-	at sun.rmi.transport.tcp.TCPEndpoint.newSocket(TCPEndpoint.java:613)
ERR-DFT 2023-12-21 15:40:06.564 [ADMIN_001] <Client - /127.0.0.1:60853>: 	... 79 more
ERR-DFT 2023-12-21 15:40:46.324 [ADMIN_001] <Client - /127.0.0.1:60853>: Connessione a Panthera Finance non attiva per il cliente 000453 con politica fido PFM
ERR-DFT 2023-12-21 15:40:46.326 [ADMIN_001] <Client - /127.0.0.1:60853>: it.thera.thip.cs.ObRun.RemotePlexCallException: Connection refused to host: localhost; nested exception is: 
	java.net.ConnectException: Connection refused: connect; nested exception is: 
	java.rmi.ConnectException: Connection refused to host: localhost; nested exception is: 
	java.net.ConnectException: Connection refused: connect
ERR-	at it.thera.thip.cs.ObRun.RemotePlexCall$RMICall.getRMIFunction(RemotePlexCall.java:125)
ERR-	at it.thera.thip.cs.ObRun.RemotePlexCall$RMICall.callStartAccess(RemotePlexCall.java:192)
ERR-	at it.thera.thip.cs.ObRun.RemotePlexCall$RMICall.<init>(RemotePlexCall.java:137)
ERR-	at it.thera.thip.cs.ObRun.RemotePlexCall.<init>(RemotePlexCall.java:42)
ERR-	at it.thera.thip.cs.ObRun.RemotePlexCall.<init>(RemotePlexCall.java:32)
ERR-	at it.thera.thip.base.controlloFido.ClientiFido.elaboraImportiFinance(ClientiFido.java:498)
ERR-	at it.thera.thip.base.controlloFido.ClientiFido.getTotaleDispFidoReale(ClientiFido.java:283)
ERR-	at it.thera.thip.base.controlloFido.ClientiFido.aggiornaImportiFidoRiga(ClientiFido.java:1252)
ERR-	at it.thera.thip.vendite.documentoVE.DocumentoVenditaRiga.controlloFidoRiga(DocumentoVenditaRiga.java:6517)
ERR-	at it.thera.thip.base.comuniVenAcq.DocumentoOrdineRiga.checkFidoPreSave(DocumentoOrdineRiga.java:2415)
ERR-	at it.thera.thip.base.comuniVenAcq.DocumentoOrdineRiga.save(DocumentoOrdineRiga.java:2547)
ERR-	at it.thera.thip.vendite.documentoVE.DocumentoVenditaRiga.salvaRiga(DocumentoVenditaRiga.java:3069)
ERR-	at it.thera.thip.vendite.documentoVE.DocumentoVenRigaPrm.salvaRiga(DocumentoVenRigaPrm.java:720)
ERR-	at it.thera.thip.vendite.documentoVE.DocumentoVenditaRiga.save(DocumentoVenditaRiga.java:2618)
ERR-	at it.thera.thip.vendite.documentoVE.DocumentoVenRigaPrm.save(DocumentoVenRigaPrm.java:1189)
ERR-	at it.valvorobica.thip.vendite.documentoVE.YDocumentoVenRigaPrm.save(YDocumentoVenRigaPrm.java:153)
ERR-	at it.valvorobica.thip.logis.rf.gui.YChiusuraUdsStdRF.gestionePesoVariabile(YChiusuraUdsStdRF.java:254)
ERR-	at it.valvorobica.thip.logis.rf.gui.YChiusuraUdsStdRF.paginaEsito(YChiusuraUdsStdRF.java:181)
ERR-	at it.thera.thip.logis.rf.gui.ChiusuraUdsStdRF.esegui(ChiusuraUdsStdRF.java:102)
ERR-	at sun.reflect.NativeMethodAccessorImpl.invoke0(Native Method)
ERR-	at sun.reflect.NativeMethodAccessorImpl.invoke(NativeMethodAccessorImpl.java:62)
ERR-	at sun.reflect.DelegatingMethodAccessorImpl.invoke(DelegatingMethodAccessorImpl.java:43)
ERR-	at java.lang.reflect.Method.invoke(Method.java:498)
ERR-	at it.thera.thip.logis.rf.LogisLogin.apriMenuUtente(LogisLogin.java:505)
ERR-	at it.thera.thip.logis.rf.ThipLogin.start(ThipLogin.java:168)
ERR-	at sun.reflect.NativeMethodAccessorImpl.invoke0(Native Method)
ERR-	at sun.reflect.NativeMethodAccessorImpl.invoke(NativeMethodAccessorImpl.java:62)
ERR-	at sun.reflect.DelegatingMethodAccessorImpl.invoke(DelegatingMethodAccessorImpl.java:43)
ERR-	at java.lang.reflect.Method.invoke(Method.java:498)
ERR-	at com.thera.thermfw.rf.driver.DriverVT100.startApplication(DriverVT100.java:1515)
ERR-	at com.thera.thermfw.rf.driver.PortManager$Client.run(PortManager.java:763)
ERR-DFT 2023-12-21 15:40:46.354 [ADMIN_001] <Client - /127.0.0.1:60853>: Caused by: java.rmi.ConnectException: Connection refused to host: localhost; nested exception is: 
	java.net.ConnectException: Connection refused: connect
ERR-	at sun.rmi.transport.tcp.TCPEndpoint.newSocket(TCPEndpoint.java:619)
ERR-	at sun.rmi.transport.tcp.TCPChannel.createConnection(TCPChannel.java:216)
ERR-	at sun.rmi.transport.tcp.TCPChannel.newConnection(TCPChannel.java:202)
ERR-	at sun.rmi.server.UnicastRef.newCall(UnicastRef.java:338)
ERR-	at sun.rmi.registry.RegistryImpl_Stub.lookup(RegistryImpl_Stub.java:112)
ERR-	at it.thera.thip.cs.ObRun.RemotePlexCall$RMICall.getRMIFunction(RemotePlexCall.java:121)
ERR-DFT 2023-12-21 15:40:46.360 [ADMIN_001] <Client - /127.0.0.1:60853>: 	... 30 more
ERR-DFT 2023-12-21 15:40:46.363 [ADMIN_001] <Client - /127.0.0.1:60853>: Caused by: java.net.ConnectException: Connection refused: connect
ERR-	at java.net.DualStackPlainSocketImpl.connect0(Native Method)
ERR-	at java.net.DualStackPlainSocketImpl.socketConnect(DualStackPlainSocketImpl.java:79)
ERR-	at java.net.AbstractPlainSocketImpl.doConnect(AbstractPlainSocketImpl.java:350)
ERR-	at java.net.AbstractPlainSocketImpl.connectToAddress(AbstractPlainSocketImpl.java:206)
ERR-	at java.net.AbstractPlainSocketImpl.connect(AbstractPlainSocketImpl.java:188)
ERR-	at java.net.PlainSocketImpl.connect(PlainSocketImpl.java:172)
ERR-	at java.net.SocksSocketImpl.connect(SocksSocketImpl.java:392)
ERR-	at java.net.Socket.connect(Socket.java:589)
ERR-	at java.net.Socket.connect(Socket.java:538)
ERR-	at java.net.Socket.<init>(Socket.java:434)
ERR-	at java.net.Socket.<init>(Socket.java:211)
ERR-	at sun.rmi.transport.proxy.RMIDirectSocketFactory.createSocket(RMIDirectSocketFactory.java:40)
ERR-	at sun.rmi.transport.proxy.RMIMasterSocketFactory.createSocket(RMIMasterSocketFactory.java:148)
ERR-	at sun.rmi.transport.tcp.TCPEndpoint.newSocket(TCPEndpoint.java:613)
ERR-DFT 2023-12-21 15:40:46.376 [ADMIN_001] <Client - /127.0.0.1:60853>: 	... 35 more
ERR-DFT 2023-12-21 15:44:44.948 [ADMIN_001] <Client - /127.0.0.1:60853>: com.thera.thermfw.security.WrongPasswordException: La password specificata non è corretta
ERR-	at com.thera.thermfw.security.Security.serviceOpenSession(Security.java:417)
ERR-	at com.thera.thermfw.security.Security.openSession(Security.java:225)
ERR-	at com.thera.thermfw.security.Security.openSession(Security.java:196)
ERR-	at it.thera.thip.logis.rf.LogisLogin.conDB(LogisLogin.java:569)
ERR-	at it.thera.thip.logis.rf.ThipLogin.start(ThipLogin.java:152)
ERR-	at sun.reflect.NativeMethodAccessorImpl.invoke0(Native Method)
ERR-	at sun.reflect.NativeMethodAccessorImpl.invoke(NativeMethodAccessorImpl.java:62)
ERR-	at sun.reflect.DelegatingMethodAccessorImpl.invoke(DelegatingMethodAccessorImpl.java:43)
ERR-	at java.lang.reflect.Method.invoke(Method.java:498)
ERR-	at com.thera.thermfw.rf.driver.DriverVT100.startApplication(DriverVT100.java:1515)
ERR-	at com.thera.thermfw.rf.driver.PortManager$Client.run(PortManager.java:763)
ERR-DFT 2023-12-21 15:57:27.348 [ADMIN_001] <Client - /127.0.0.1:60853>: Connessione a Panthera Finance non attiva per il cliente 001358 con politica fido PFM
ERR-DFT 2023-12-21 15:57:27.351 [ADMIN_001] <Client - /127.0.0.1:60853>: it.thera.thip.cs.ObRun.RemotePlexCallException: Connection refused to host: localhost; nested exception is: 
	java.net.ConnectException: Connection refused: connect; nested exception is: 
	java.rmi.ConnectException: Connection refused to host: localhost; nested exception is: 
	java.net.ConnectException: Connection refused: connect
ERR-	at it.thera.thip.cs.ObRun.RemotePlexCall$RMICall.getRMIFunction(RemotePlexCall.java:125)
ERR-	at it.thera.thip.cs.ObRun.RemotePlexCall$RMICall.callStartAccess(RemotePlexCall.java:192)
ERR-	at it.thera.thip.cs.ObRun.RemotePlexCall$RMICall.<init>(RemotePlexCall.java:137)
ERR-	at it.thera.thip.cs.ObRun.RemotePlexCall.<init>(RemotePlexCall.java:42)
ERR-	at it.thera.thip.cs.ObRun.RemotePlexCall.<init>(RemotePlexCall.java:32)
ERR-	at it.thera.thip.base.controlloFido.ClientiFido.elaboraImportiFinance(ClientiFido.java:498)
ERR-	at it.thera.thip.base.controlloFido.ClientiFido.getTotaleDispFidoReale(ClientiFido.java:283)
ERR-	at it.thera.thip.base.controlloFido.ClientiFido.aggiornaImportiFidoRiga(ClientiFido.java:1252)
ERR-	at it.thera.thip.vendite.documentoVE.DocumentoVenditaRiga.controlloFidoRiga(DocumentoVenditaRiga.java:6517)
ERR-	at it.thera.thip.base.comuniVenAcq.DocumentoOrdineRiga.checkFidoPreSave(DocumentoOrdineRiga.java:2415)
ERR-	at it.thera.thip.base.comuniVenAcq.DocumentoOrdineRiga.save(DocumentoOrdineRiga.java:2547)
ERR-	at it.thera.thip.vendite.documentoVE.DocumentoVenditaRiga.salvaRiga(DocumentoVenditaRiga.java:3069)
ERR-	at it.thera.thip.vendite.documentoVE.DocumentoVenRigaPrm.salvaRiga(DocumentoVenRigaPrm.java:720)
ERR-	at it.thera.thip.vendite.documentoVE.DocumentoVenditaRiga.save(DocumentoVenditaRiga.java:2618)
ERR-	at it.thera.thip.vendite.documentoVE.DocumentoVenRigaPrm.save(DocumentoVenRigaPrm.java:1189)
ERR-	at it.valvorobica.thip.vendite.documentoVE.YDocumentoVenRigaPrm.save(YDocumentoVenRigaPrm.java:153)
ERR-	at com.thera.thermfw.persist.OneToMany.doInsertUpdating(OneToMany.java:495)
ERR-	at com.thera.thermfw.persist.OneToMany.save(OneToMany.java:366)
ERR-	at com.thera.thermfw.persist.OneToMany.save(OneToMany.java:345)
ERR-	at it.thera.thip.base.comuniVenAcq.DocumentoOrdineTestata.saveOwnedObjects(DocumentoOrdineTestata.java:3449)
ERR-	at it.thera.thip.base.comuniVenAcq.DocumentoTestata.saveOwnedObjects(DocumentoTestata.java:1363)
ERR-	at it.thera.thip.vendite.documentoVE.DocumentoVendita.saveOwnedObjects(DocumentoVendita.java:6758)
ERR-	at com.thera.thermfw.persist.PersistentObject.save(PersistentObject.java:535)
ERR-	at com.thera.thermfw.log.LoggablePersistentObject.save(LoggablePersistentObject.java:110)
ERR-	at it.thera.thip.base.documenti.DocumentoBase.save(DocumentoBase.java:1047)
ERR-	at it.thera.thip.base.comuniVenAcq.DocumentoOrdineTestata.save(DocumentoOrdineTestata.java:3010)
ERR-	at it.thera.thip.base.comuniVenAcq.DocumentoTestata.save(DocumentoTestata.java:1976)
ERR-	at it.thera.thip.vendite.documentoVE.DocumentoVendita.save(DocumentoVendita.java:3298)
ERR-	at it.valvorobica.thip.vendite.documentoVE.YDocumentoVendita.save(YDocumentoVendita.java:85)
ERR-	at com.thera.thermfw.persist.PersistentObject.save(PersistentObject.java:450)
ERR-	at com.thera.thermfw.collector.BODataCollector.runBoSave(BODataCollector.java:2059)
ERR-	at com.thera.thermfw.collector.BODataCollector.runSave(BODataCollector.java:1972)
ERR-	at com.thera.thermfw.collector.BODataCollector.saveInternal(BODataCollector.java:1891)
ERR-	at it.thera.thip.cs.EnhThipDataCollector.saveInternal(EnhThipDataCollector.java:170)
ERR-	at com.thera.thermfw.collector.BODataCollector.save(BODataCollector.java:1851)
ERR-	at com.thera.thermfw.collector.BODataCollector.save(BODataCollector.java:1832)
ERR-	at it.thera.thip.vendite.documentoVE.web.DocumentoVenditaDataCollector.save(DocumentoVenditaDataCollector.java:599)
ERR-	at it.thera.thip.base.generale.TestataLogisThip.salvaSuThipVen(TestataLogisThip.java:3696)
ERR-	at it.thera.thip.base.generale.CollegamentoLogisThip.formattaPackingListPerThip(CollegamentoLogisThip.java:534)
ERR-	at it.thera.thip.base.generale.CollegamentoLogisThip.salvaPackingListThip(CollegamentoLogisThip.java:420)
ERR-	at sun.reflect.NativeMethodAccessorImpl.invoke0(Native Method)
ERR-	at sun.reflect.NativeMethodAccessorImpl.invoke(NativeMethodAccessorImpl.java:62)
ERR-	at sun.reflect.DelegatingMethodAccessorImpl.invoke(DelegatingMethodAccessorImpl.java:43)
ERR-	at java.lang.reflect.Method.invoke(Method.java:498)
ERR-	at it.thera.thip.logis.bas.LogicaTrasmissione.invocaMetodo(LogicaTrasmissione.java:70)
ERR-	at it.thera.thip.logis.bas.LogicaTrasmissioneLista.esegui(LogicaTrasmissioneLista.java:58)
ERR-	at it.thera.thip.logis.bas.EsecutoreAzione.avvia(EsecutoreAzione.java:53)
ERR-	at sun.reflect.NativeMethodAccessorImpl.invoke0(Native Method)
ERR-	at sun.reflect.NativeMethodAccessorImpl.invoke(NativeMethodAccessorImpl.java:62)
ERR-	at sun.reflect.DelegatingMethodAccessorImpl.invoke(DelegatingMethodAccessorImpl.java:43)
ERR-	at java.lang.reflect.Method.invoke(Method.java:498)
ERR-	at it.thera.thip.logis.bas.Azione.essegui(Azione.java:456)
ERR-	at it.thera.thip.logis.bas.Azione.processa(Azione.java:587)
ERR-	at it.thera.thip.logis.bas.EventoApplicativo.creaEventoNotificaErrori(EventoApplicativo.java:147)
ERR-	at it.thera.thip.logis.bas.EventoApplicativo.creaEventoNotificaErrori(EventoApplicativo.java:126)
ERR-	at it.thera.thip.logis.lgb.TestataLista.lanciaEventoNotificaErrori(TestataLista.java:4529)
ERR-	at it.thera.thip.logis.lgb.TestataLista.lanciaEventoChiusura(TestataLista.java:4469)
ERR-	at it.thera.thip.logis.lgb.TestataLista.avanzaStato(TestataLista.java:3692)
ERR-	at it.thera.thip.logis.lgb.TestataLista.confermaAvanzamento(TestataLista.java:3455)
ERR-	at it.thera.thip.logis.fis.TestataUds.chiudiUds(TestataUds.java:807)
ERR-	at it.thera.thip.logis.rf.gui.ProcessaListeStdRF.testPaginaDimensioniUds(ProcessaListeStdRF.java:643)
ERR-	at it.thera.thip.logis.rf.gui.ProcessaListeStdRF.paginaDimensioniUds(ProcessaListeStdRF.java:473)
ERR-	at it.thera.thip.logis.rf.gui.ProcessaListeCompattoRF.paginaDimensioniUds(ProcessaListeCompattoRF.java:936)
ERR-	at it.valvorobica.thip.logis.rf.gui.YProcessaListeCompattoRF.esegui(YProcessaListeCompattoRF.java:337)
ERR-	at sun.reflect.NativeMethodAccessorImpl.invoke0(Native Method)
ERR-	at sun.reflect.NativeMethodAccessorImpl.invoke(NativeMethodAccessorImpl.java:62)
ERR-	at sun.reflect.DelegatingMethodAccessorImpl.invoke(DelegatingMethodAccessorImpl.java:43)
ERR-	at java.lang.reflect.Method.invoke(Method.java:498)
ERR-	at it.thera.thip.logis.rf.LogisLogin.apriMenuUtente(LogisLogin.java:505)
ERR-	at it.thera.thip.logis.rf.ThipLogin.start(ThipLogin.java:168)
ERR-	at sun.reflect.NativeMethodAccessorImpl.invoke0(Native Method)
ERR-	at sun.reflect.NativeMethodAccessorImpl.invoke(NativeMethodAccessorImpl.java:62)
ERR-	at sun.reflect.DelegatingMethodAccessorImpl.invoke(DelegatingMethodAccessorImpl.java:43)
ERR-	at java.lang.reflect.Method.invoke(Method.java:498)
ERR-	at com.thera.thermfw.rf.driver.DriverVT100.startApplication(DriverVT100.java:1515)
ERR-	at com.thera.thermfw.rf.driver.PortManager$Client.run(PortManager.java:763)
ERR-DFT 2023-12-21 15:57:27.353 [ADMIN_001] <Client - /127.0.0.1:60853>: Caused by: java.rmi.ConnectException: Connection refused to host: localhost; nested exception is: 
	java.net.ConnectException: Connection refused: connect
ERR-	at sun.rmi.transport.tcp.TCPEndpoint.newSocket(TCPEndpoint.java:619)
ERR-	at sun.rmi.transport.tcp.TCPChannel.createConnection(TCPChannel.java:216)
ERR-	at sun.rmi.transport.tcp.TCPChannel.newConnection(TCPChannel.java:202)
ERR-	at sun.rmi.server.UnicastRef.newCall(UnicastRef.java:338)
ERR-	at sun.rmi.registry.RegistryImpl_Stub.lookup(RegistryImpl_Stub.java:112)
ERR-	at it.thera.thip.cs.ObRun.RemotePlexCall$RMICall.getRMIFunction(RemotePlexCall.java:121)
ERR-DFT 2023-12-21 15:57:27.353 [ADMIN_001] <Client - /127.0.0.1:60853>: 	... 75 more
ERR-DFT 2023-12-21 15:57:27.353 [ADMIN_001] <Client - /127.0.0.1:60853>: Caused by: java.net.ConnectException: Connection refused: connect
ERR-	at java.net.DualStackPlainSocketImpl.connect0(Native Method)
ERR-	at java.net.DualStackPlainSocketImpl.socketConnect(DualStackPlainSocketImpl.java:79)
ERR-	at java.net.AbstractPlainSocketImpl.doConnect(AbstractPlainSocketImpl.java:350)
ERR-	at java.net.AbstractPlainSocketImpl.connectToAddress(AbstractPlainSocketImpl.java:206)
ERR-	at java.net.AbstractPlainSocketImpl.connect(AbstractPlainSocketImpl.java:188)
ERR-	at java.net.PlainSocketImpl.connect(PlainSocketImpl.java:172)
ERR-	at java.net.SocksSocketImpl.connect(SocksSocketImpl.java:392)
ERR-	at java.net.Socket.connect(Socket.java:589)
ERR-	at java.net.Socket.connect(Socket.java:538)
ERR-	at java.net.Socket.<init>(Socket.java:434)
ERR-	at java.net.Socket.<init>(Socket.java:211)
ERR-	at sun.rmi.transport.proxy.RMIDirectSocketFactory.createSocket(RMIDirectSocketFactory.java:40)
ERR-	at sun.rmi.transport.proxy.RMIMasterSocketFactory.createSocket(RMIMasterSocketFactory.java:148)
ERR-	at sun.rmi.transport.tcp.TCPEndpoint.newSocket(TCPEndpoint.java:613)
ERR-DFT 2023-12-21 15:57:27.353 [ADMIN_001] <Client - /127.0.0.1:60853>: 	... 80 more
ERR-DFT 2023-12-21 15:57:30.702 [ADMIN_001] <Client - /127.0.0.1:60853>: Connessione a Panthera Finance non attiva per il cliente 001358 con politica fido PFM
ERR-DFT 2023-12-21 15:57:30.702 [ADMIN_001] <Client - /127.0.0.1:60853>: it.thera.thip.cs.ObRun.RemotePlexCallException: Connection refused to host: localhost; nested exception is: 
	java.net.ConnectException: Connection refused: connect; nested exception is: 
	java.rmi.ConnectException: Connection refused to host: localhost; nested exception is: 
	java.net.ConnectException: Connection refused: connect
ERR-	at it.thera.thip.cs.ObRun.RemotePlexCall$RMICall.getRMIFunction(RemotePlexCall.java:125)
ERR-	at it.thera.thip.cs.ObRun.RemotePlexCall$RMICall.callStartAccess(RemotePlexCall.java:192)
ERR-	at it.thera.thip.cs.ObRun.RemotePlexCall$RMICall.<init>(RemotePlexCall.java:137)
ERR-	at it.thera.thip.cs.ObRun.RemotePlexCall.<init>(RemotePlexCall.java:42)
ERR-	at it.thera.thip.cs.ObRun.RemotePlexCall.<init>(RemotePlexCall.java:32)
ERR-	at it.thera.thip.base.controlloFido.ClientiFido.elaboraImportiFinance(ClientiFido.java:498)
ERR-	at it.thera.thip.base.controlloFido.ClientiFido.getTotaleDispFidoReale(ClientiFido.java:283)
ERR-	at it.thera.thip.base.controlloFido.ClientiFido.aggiornaImportiFidoRiga(ClientiFido.java:1252)
ERR-	at it.thera.thip.vendite.documentoVE.DocumentoVenditaRiga.controlloFidoRiga(DocumentoVenditaRiga.java:6517)
ERR-	at it.thera.thip.base.comuniVenAcq.DocumentoOrdineRiga.checkFidoPreSave(DocumentoOrdineRiga.java:2415)
ERR-	at it.thera.thip.base.comuniVenAcq.DocumentoOrdineRiga.save(DocumentoOrdineRiga.java:2547)
ERR-	at it.thera.thip.vendite.documentoVE.DocumentoVenditaRiga.salvaRiga(DocumentoVenditaRiga.java:3069)
ERR-	at it.thera.thip.vendite.documentoVE.DocumentoVenRigaPrm.salvaRiga(DocumentoVenRigaPrm.java:720)
ERR-	at it.thera.thip.vendite.documentoVE.DocumentoVenditaRiga.save(DocumentoVenditaRiga.java:2618)
ERR-	at it.thera.thip.vendite.documentoVE.DocumentoVenRigaPrm.save(DocumentoVenRigaPrm.java:1189)
ERR-	at it.valvorobica.thip.vendite.documentoVE.YDocumentoVenRigaPrm.save(YDocumentoVenRigaPrm.java:153)
ERR-	at com.thera.thermfw.persist.OneToMany.doInsertUpdating(OneToMany.java:495)
ERR-	at com.thera.thermfw.persist.OneToMany.save(OneToMany.java:366)
ERR-	at com.thera.thermfw.persist.OneToMany.save(OneToMany.java:345)
ERR-	at it.thera.thip.base.comuniVenAcq.DocumentoOrdineTestata.saveOwnedObjects(DocumentoOrdineTestata.java:3449)
ERR-	at it.thera.thip.base.comuniVenAcq.DocumentoTestata.saveOwnedObjects(DocumentoTestata.java:1363)
ERR-	at it.thera.thip.vendite.documentoVE.DocumentoVendita.saveOwnedObjects(DocumentoVendita.java:6758)
ERR-	at com.thera.thermfw.persist.PersistentObject.save(PersistentObject.java:535)
ERR-	at com.thera.thermfw.log.LoggablePersistentObject.save(LoggablePersistentObject.java:110)
ERR-	at it.thera.thip.base.documenti.DocumentoBase.save(DocumentoBase.java:1047)
ERR-	at it.thera.thip.base.comuniVenAcq.DocumentoOrdineTestata.save(DocumentoOrdineTestata.java:3010)
ERR-	at it.thera.thip.base.comuniVenAcq.DocumentoTestata.save(DocumentoTestata.java:1976)
ERR-	at it.thera.thip.vendite.documentoVE.DocumentoVendita.save(DocumentoVendita.java:3298)
ERR-	at it.valvorobica.thip.vendite.documentoVE.YDocumentoVendita.save(YDocumentoVendita.java:85)
ERR-	at com.thera.thermfw.persist.PersistentObject.save(PersistentObject.java:450)
ERR-	at com.thera.thermfw.collector.BODataCollector.runBoSave(BODataCollector.java:2059)
ERR-	at com.thera.thermfw.collector.BODataCollector.runSave(BODataCollector.java:1972)
ERR-	at com.thera.thermfw.collector.BODataCollector.saveInternal(BODataCollector.java:1891)
ERR-	at it.thera.thip.cs.EnhThipDataCollector.saveInternal(EnhThipDataCollector.java:170)
ERR-	at com.thera.thermfw.collector.BODataCollector.save(BODataCollector.java:1851)
ERR-	at com.thera.thermfw.collector.BODataCollector.save(BODataCollector.java:1832)
ERR-	at it.thera.thip.vendite.documentoVE.web.DocumentoVenditaDataCollector.save(DocumentoVenditaDataCollector.java:599)
ERR-	at it.thera.thip.base.generale.TestataLogisThip.salvaSuThipVen(TestataLogisThip.java:3696)
ERR-	at it.thera.thip.base.generale.CollegamentoLogisThip.formattaPackingListPerThip(CollegamentoLogisThip.java:534)
ERR-	at it.thera.thip.base.generale.CollegamentoLogisThip.salvaPackingListThip(CollegamentoLogisThip.java:420)
ERR-	at sun.reflect.NativeMethodAccessorImpl.invoke0(Native Method)
ERR-	at sun.reflect.NativeMethodAccessorImpl.invoke(NativeMethodAccessorImpl.java:62)
ERR-	at sun.reflect.DelegatingMethodAccessorImpl.invoke(DelegatingMethodAccessorImpl.java:43)
ERR-	at java.lang.reflect.Method.invoke(Method.java:498)
ERR-	at it.thera.thip.logis.bas.LogicaTrasmissione.invocaMetodo(LogicaTrasmissione.java:70)
ERR-	at it.thera.thip.logis.bas.LogicaTrasmissioneLista.esegui(LogicaTrasmissioneLista.java:58)
ERR-	at it.thera.thip.logis.bas.EsecutoreAzione.avvia(EsecutoreAzione.java:53)
ERR-	at sun.reflect.NativeMethodAccessorImpl.invoke0(Native Method)
ERR-	at sun.reflect.NativeMethodAccessorImpl.invoke(NativeMethodAccessorImpl.java:62)
ERR-	at sun.reflect.DelegatingMethodAccessorImpl.invoke(DelegatingMethodAccessorImpl.java:43)
ERR-	at java.lang.reflect.Method.invoke(Method.java:498)
ERR-	at it.thera.thip.logis.bas.Azione.essegui(Azione.java:456)
ERR-	at it.thera.thip.logis.bas.Azione.processa(Azione.java:587)
ERR-	at it.thera.thip.logis.bas.EventoApplicativo.creaEventoNotificaErrori(EventoApplicativo.java:147)
ERR-	at it.thera.thip.logis.bas.EventoApplicativo.creaEventoNotificaErrori(EventoApplicativo.java:126)
ERR-	at it.thera.thip.logis.lgb.TestataLista.lanciaEventoNotificaErrori(TestataLista.java:4529)
ERR-	at it.thera.thip.logis.lgb.TestataLista.lanciaEventoChiusura(TestataLista.java:4469)
ERR-	at it.thera.thip.logis.lgb.TestataLista.avanzaStato(TestataLista.java:3692)
ERR-	at it.thera.thip.logis.lgb.TestataLista.confermaAvanzamento(TestataLista.java:3455)
ERR-	at it.thera.thip.logis.fis.TestataUds.chiudiUds(TestataUds.java:807)
ERR-	at it.thera.thip.logis.rf.gui.ProcessaListeStdRF.testPaginaDimensioniUds(ProcessaListeStdRF.java:643)
ERR-	at it.thera.thip.logis.rf.gui.ProcessaListeStdRF.paginaDimensioniUds(ProcessaListeStdRF.java:473)
ERR-	at it.thera.thip.logis.rf.gui.ProcessaListeCompattoRF.paginaDimensioniUds(ProcessaListeCompattoRF.java:936)
ERR-	at it.valvorobica.thip.logis.rf.gui.YProcessaListeCompattoRF.esegui(YProcessaListeCompattoRF.java:337)
ERR-	at sun.reflect.NativeMethodAccessorImpl.invoke0(Native Method)
ERR-	at sun.reflect.NativeMethodAccessorImpl.invoke(NativeMethodAccessorImpl.java:62)
ERR-	at sun.reflect.DelegatingMethodAccessorImpl.invoke(DelegatingMethodAccessorImpl.java:43)
ERR-	at java.lang.reflect.Method.invoke(Method.java:498)
ERR-	at it.thera.thip.logis.rf.LogisLogin.apriMenuUtente(LogisLogin.java:505)
ERR-	at it.thera.thip.logis.rf.ThipLogin.start(ThipLogin.java:168)
ERR-	at sun.reflect.NativeMethodAccessorImpl.invoke0(Native Method)
ERR-	at sun.reflect.NativeMethodAccessorImpl.invoke(NativeMethodAccessorImpl.java:62)
ERR-	at sun.reflect.DelegatingMethodAccessorImpl.invoke(DelegatingMethodAccessorImpl.java:43)
ERR-	at java.lang.reflect.Method.invoke(Method.java:498)
ERR-	at com.thera.thermfw.rf.driver.DriverVT100.startApplication(DriverVT100.java:1515)
ERR-	at com.thera.thermfw.rf.driver.PortManager$Client.run(PortManager.java:763)
ERR-DFT 2023-12-21 15:57:30.706 [ADMIN_001] <Client - /127.0.0.1:60853>: Caused by: java.rmi.ConnectException: Connection refused to host: localhost; nested exception is: 
	java.net.ConnectException: Connection refused: connect
ERR-	at sun.rmi.transport.tcp.TCPEndpoint.newSocket(TCPEndpoint.java:619)
ERR-	at sun.rmi.transport.tcp.TCPChannel.createConnection(TCPChannel.java:216)
ERR-	at sun.rmi.transport.tcp.TCPChannel.newConnection(TCPChannel.java:202)
ERR-	at sun.rmi.server.UnicastRef.newCall(UnicastRef.java:338)
ERR-	at sun.rmi.registry.RegistryImpl_Stub.lookup(RegistryImpl_Stub.java:112)
ERR-	at it.thera.thip.cs.ObRun.RemotePlexCall$RMICall.getRMIFunction(RemotePlexCall.java:121)
ERR-DFT 2023-12-21 15:57:30.707 [ADMIN_001] <Client - /127.0.0.1:60853>: 	... 75 more
ERR-DFT 2023-12-21 15:57:30.707 [ADMIN_001] <Client - /127.0.0.1:60853>: Caused by: java.net.ConnectException: Connection refused: connect
ERR-	at java.net.DualStackPlainSocketImpl.connect0(Native Method)
ERR-	at java.net.DualStackPlainSocketImpl.socketConnect(DualStackPlainSocketImpl.java:79)
ERR-	at java.net.AbstractPlainSocketImpl.doConnect(AbstractPlainSocketImpl.java:350)
ERR-	at java.net.AbstractPlainSocketImpl.connectToAddress(AbstractPlainSocketImpl.java:206)
ERR-	at java.net.AbstractPlainSocketImpl.connect(AbstractPlainSocketImpl.java:188)
ERR-	at java.net.PlainSocketImpl.connect(PlainSocketImpl.java:172)
ERR-	at java.net.SocksSocketImpl.connect(SocksSocketImpl.java:392)
ERR-	at java.net.Socket.connect(Socket.java:589)
ERR-	at java.net.Socket.connect(Socket.java:538)
ERR-	at java.net.Socket.<init>(Socket.java:434)
ERR-	at java.net.Socket.<init>(Socket.java:211)
ERR-	at sun.rmi.transport.proxy.RMIDirectSocketFactory.createSocket(RMIDirectSocketFactory.java:40)
ERR-	at sun.rmi.transport.proxy.RMIMasterSocketFactory.createSocket(RMIMasterSocketFactory.java:148)
ERR-	at sun.rmi.transport.tcp.TCPEndpoint.newSocket(TCPEndpoint.java:613)
ERR-DFT 2023-12-21 15:57:30.708 [ADMIN_001] <Client - /127.0.0.1:60853>: 	... 80 more
ERR-DFT 2023-12-21 15:57:32.922 [ADMIN_001] <Client - /127.0.0.1:60853>: Connessione a Panthera Finance non attiva per il cliente 001358 con politica fido PFM
ERR-DFT 2023-12-21 15:57:32.922 [ADMIN_001] <Client - /127.0.0.1:60853>: it.thera.thip.cs.ObRun.RemotePlexCallException: Connection refused to host: localhost; nested exception is: 
	java.net.ConnectException: Connection refused: connect; nested exception is: 
	java.rmi.ConnectException: Connection refused to host: localhost; nested exception is: 
	java.net.ConnectException: Connection refused: connect
ERR-	at it.thera.thip.cs.ObRun.RemotePlexCall$RMICall.getRMIFunction(RemotePlexCall.java:125)
ERR-	at it.thera.thip.cs.ObRun.RemotePlexCall$RMICall.callStartAccess(RemotePlexCall.java:192)
ERR-	at it.thera.thip.cs.ObRun.RemotePlexCall$RMICall.<init>(RemotePlexCall.java:137)
ERR-	at it.thera.thip.cs.ObRun.RemotePlexCall.<init>(RemotePlexCall.java:42)
ERR-	at it.thera.thip.cs.ObRun.RemotePlexCall.<init>(RemotePlexCall.java:32)
ERR-	at it.thera.thip.base.controlloFido.ClientiFido.elaboraImportiFinance(ClientiFido.java:498)
ERR-	at it.thera.thip.base.controlloFido.ClientiFido.getTotaleDispFidoReale(ClientiFido.java:283)
ERR-	at it.thera.thip.base.controlloFido.ClientiFido.aggiornaImportiFidoRiga(ClientiFido.java:1252)
ERR-	at it.thera.thip.vendite.documentoVE.DocumentoVenditaRiga.controlloFidoRiga(DocumentoVenditaRiga.java:6517)
ERR-	at it.thera.thip.base.comuniVenAcq.DocumentoOrdineRiga.checkFidoPreSave(DocumentoOrdineRiga.java:2415)
ERR-	at it.thera.thip.base.comuniVenAcq.DocumentoOrdineRiga.save(DocumentoOrdineRiga.java:2547)
ERR-	at it.thera.thip.vendite.documentoVE.DocumentoVenditaRiga.salvaRiga(DocumentoVenditaRiga.java:3069)
ERR-	at it.thera.thip.vendite.documentoVE.DocumentoVenRigaPrm.salvaRiga(DocumentoVenRigaPrm.java:720)
ERR-	at it.thera.thip.vendite.documentoVE.DocumentoVenditaRiga.save(DocumentoVenditaRiga.java:2618)
ERR-	at it.thera.thip.vendite.documentoVE.DocumentoVenRigaPrm.save(DocumentoVenRigaPrm.java:1189)
ERR-	at it.valvorobica.thip.vendite.documentoVE.YDocumentoVenRigaPrm.save(YDocumentoVenRigaPrm.java:153)
ERR-	at com.thera.thermfw.persist.OneToMany.doInsertUpdating(OneToMany.java:495)
ERR-	at com.thera.thermfw.persist.OneToMany.save(OneToMany.java:366)
ERR-	at com.thera.thermfw.persist.OneToMany.save(OneToMany.java:345)
ERR-	at it.thera.thip.base.comuniVenAcq.DocumentoOrdineTestata.saveOwnedObjects(DocumentoOrdineTestata.java:3449)
ERR-	at it.thera.thip.base.comuniVenAcq.DocumentoTestata.saveOwnedObjects(DocumentoTestata.java:1363)
ERR-	at it.thera.thip.vendite.documentoVE.DocumentoVendita.saveOwnedObjects(DocumentoVendita.java:6758)
ERR-	at com.thera.thermfw.persist.PersistentObject.save(PersistentObject.java:535)
ERR-	at com.thera.thermfw.log.LoggablePersistentObject.save(LoggablePersistentObject.java:110)
ERR-	at it.thera.thip.base.documenti.DocumentoBase.save(DocumentoBase.java:1047)
ERR-	at it.thera.thip.base.comuniVenAcq.DocumentoOrdineTestata.save(DocumentoOrdineTestata.java:3010)
ERR-	at it.thera.thip.base.comuniVenAcq.DocumentoTestata.save(DocumentoTestata.java:1976)
ERR-	at it.thera.thip.vendite.documentoVE.DocumentoVendita.save(DocumentoVendita.java:3298)
ERR-	at it.valvorobica.thip.vendite.documentoVE.YDocumentoVendita.save(YDocumentoVendita.java:85)
ERR-	at com.thera.thermfw.persist.PersistentObject.save(PersistentObject.java:450)
ERR-	at com.thera.thermfw.collector.BODataCollector.runBoSave(BODataCollector.java:2059)
ERR-	at com.thera.thermfw.collector.BODataCollector.runSave(BODataCollector.java:1972)
ERR-	at com.thera.thermfw.collector.BODataCollector.saveInternal(BODataCollector.java:1891)
ERR-	at it.thera.thip.cs.EnhThipDataCollector.saveInternal(EnhThipDataCollector.java:170)
ERR-	at com.thera.thermfw.collector.BODataCollector.save(BODataCollector.java:1851)
ERR-	at com.thera.thermfw.collector.BODataCollector.save(BODataCollector.java:1832)
ERR-	at it.thera.thip.vendite.documentoVE.web.DocumentoVenditaDataCollector.save(DocumentoVenditaDataCollector.java:599)
ERR-	at it.thera.thip.base.generale.TestataLogisThip.salvaSuThipVen(TestataLogisThip.java:3696)
ERR-	at it.thera.thip.base.generale.CollegamentoLogisThip.formattaPackingListPerThip(CollegamentoLogisThip.java:534)
ERR-	at it.thera.thip.base.generale.CollegamentoLogisThip.salvaPackingListThip(CollegamentoLogisThip.java:420)
ERR-	at sun.reflect.NativeMethodAccessorImpl.invoke0(Native Method)
ERR-	at sun.reflect.NativeMethodAccessorImpl.invoke(NativeMethodAccessorImpl.java:62)
ERR-	at sun.reflect.DelegatingMethodAccessorImpl.invoke(DelegatingMethodAccessorImpl.java:43)
ERR-	at java.lang.reflect.Method.invoke(Method.java:498)
ERR-	at it.thera.thip.logis.bas.LogicaTrasmissione.invocaMetodo(LogicaTrasmissione.java:70)
ERR-	at it.thera.thip.logis.bas.LogicaTrasmissioneLista.esegui(LogicaTrasmissioneLista.java:58)
ERR-	at it.thera.thip.logis.bas.EsecutoreAzione.avvia(EsecutoreAzione.java:53)
ERR-	at sun.reflect.NativeMethodAccessorImpl.invoke0(Native Method)
ERR-	at sun.reflect.NativeMethodAccessorImpl.invoke(NativeMethodAccessorImpl.java:62)
ERR-	at sun.reflect.DelegatingMethodAccessorImpl.invoke(DelegatingMethodAccessorImpl.java:43)
ERR-	at java.lang.reflect.Method.invoke(Method.java:498)
ERR-	at it.thera.thip.logis.bas.Azione.essegui(Azione.java:456)
ERR-	at it.thera.thip.logis.bas.Azione.processa(Azione.java:587)
ERR-	at it.thera.thip.logis.bas.EventoApplicativo.creaEventoNotificaErrori(EventoApplicativo.java:147)
ERR-	at it.thera.thip.logis.bas.EventoApplicativo.creaEventoNotificaErrori(EventoApplicativo.java:126)
ERR-	at it.thera.thip.logis.lgb.TestataLista.lanciaEventoNotificaErrori(TestataLista.java:4529)
ERR-	at it.thera.thip.logis.lgb.TestataLista.lanciaEventoChiusura(TestataLista.java:4469)
ERR-	at it.thera.thip.logis.lgb.TestataLista.avanzaStato(TestataLista.java:3692)
ERR-	at it.thera.thip.logis.lgb.TestataLista.confermaAvanzamento(TestataLista.java:3455)
ERR-	at it.thera.thip.logis.fis.TestataUds.chiudiUds(TestataUds.java:807)
ERR-	at it.thera.thip.logis.rf.gui.ProcessaListeStdRF.testPaginaDimensioniUds(ProcessaListeStdRF.java:643)
ERR-	at it.thera.thip.logis.rf.gui.ProcessaListeStdRF.paginaDimensioniUds(ProcessaListeStdRF.java:473)
ERR-	at it.thera.thip.logis.rf.gui.ProcessaListeCompattoRF.paginaDimensioniUds(ProcessaListeCompattoRF.java:936)
ERR-	at it.valvorobica.thip.logis.rf.gui.YProcessaListeCompattoRF.esegui(YProcessaListeCompattoRF.java:337)
ERR-	at sun.reflect.NativeMethodAccessorImpl.invoke0(Native Method)
ERR-	at sun.reflect.NativeMethodAccessorImpl.invoke(NativeMethodAccessorImpl.java:62)
ERR-	at sun.reflect.DelegatingMethodAccessorImpl.invoke(DelegatingMethodAccessorImpl.java:43)
ERR-	at java.lang.reflect.Method.invoke(Method.java:498)
ERR-	at it.thera.thip.logis.rf.LogisLogin.apriMenuUtente(LogisLogin.java:505)
ERR-	at it.thera.thip.logis.rf.ThipLogin.start(ThipLogin.java:168)
ERR-	at sun.reflect.NativeMethodAccessorImpl.invoke0(Native Method)
ERR-	at sun.reflect.NativeMethodAccessorImpl.invoke(NativeMethodAccessorImpl.java:62)
ERR-	at sun.reflect.DelegatingMethodAccessorImpl.invoke(DelegatingMethodAccessorImpl.java:43)
ERR-	at java.lang.reflect.Method.invoke(Method.java:498)
ERR-	at com.thera.thermfw.rf.driver.DriverVT100.startApplication(DriverVT100.java:1515)
ERR-	at com.thera.thermfw.rf.driver.PortManager$Client.run(PortManager.java:763)
ERR-DFT 2023-12-21 15:57:32.926 [ADMIN_001] <Client - /127.0.0.1:60853>: Caused by: java.rmi.ConnectException: Connection refused to host: localhost; nested exception is: 
	java.net.ConnectException: Connection refused: connect
ERR-	at sun.rmi.transport.tcp.TCPEndpoint.newSocket(TCPEndpoint.java:619)
ERR-	at sun.rmi.transport.tcp.TCPChannel.createConnection(TCPChannel.java:216)
ERR-	at sun.rmi.transport.tcp.TCPChannel.newConnection(TCPChannel.java:202)
ERR-	at sun.rmi.server.UnicastRef.newCall(UnicastRef.java:338)
ERR-	at sun.rmi.registry.RegistryImpl_Stub.lookup(RegistryImpl_Stub.java:112)
ERR-	at it.thera.thip.cs.ObRun.RemotePlexCall$RMICall.getRMIFunction(RemotePlexCall.java:121)
ERR-DFT 2023-12-21 15:57:32.926 [ADMIN_001] <Client - /127.0.0.1:60853>: 	... 75 more
ERR-DFT 2023-12-21 15:57:32.926 [ADMIN_001] <Client - /127.0.0.1:60853>: Caused by: java.net.ConnectException: Connection refused: connect
ERR-	at java.net.DualStackPlainSocketImpl.connect0(Native Method)
ERR-	at java.net.DualStackPlainSocketImpl.socketConnect(DualStackPlainSocketImpl.java:79)
ERR-	at java.net.AbstractPlainSocketImpl.doConnect(AbstractPlainSocketImpl.java:350)
ERR-	at java.net.AbstractPlainSocketImpl.connectToAddress(AbstractPlainSocketImpl.java:206)
ERR-	at java.net.AbstractPlainSocketImpl.connect(AbstractPlainSocketImpl.java:188)
ERR-	at java.net.PlainSocketImpl.connect(PlainSocketImpl.java:172)
ERR-	at java.net.SocksSocketImpl.connect(SocksSocketImpl.java:392)
ERR-	at java.net.Socket.connect(Socket.java:589)
ERR-	at java.net.Socket.connect(Socket.java:538)
ERR-	at java.net.Socket.<init>(Socket.java:434)
ERR-	at java.net.Socket.<init>(Socket.java:211)
ERR-	at sun.rmi.transport.proxy.RMIDirectSocketFactory.createSocket(RMIDirectSocketFactory.java:40)
ERR-	at sun.rmi.transport.proxy.RMIMasterSocketFactory.createSocket(RMIMasterSocketFactory.java:148)
ERR-	at sun.rmi.transport.tcp.TCPEndpoint.newSocket(TCPEndpoint.java:613)
ERR-DFT 2023-12-21 15:57:32.927 [ADMIN_001] <Client - /127.0.0.1:60853>: 	... 80 more
ERR-DFT 2023-12-21 15:57:46.175 [ADMIN_001] <Client - /127.0.0.1:60853>: Connessione a Panthera Finance non attiva per il cliente 001358 con politica fido PFM
ERR-DFT 2023-12-21 15:57:46.175 [ADMIN_001] <Client - /127.0.0.1:60853>: it.thera.thip.cs.ObRun.RemotePlexCallException: Connection refused to host: localhost; nested exception is: 
	java.net.ConnectException: Connection refused: connect; nested exception is: 
	java.rmi.ConnectException: Connection refused to host: localhost; nested exception is: 
	java.net.ConnectException: Connection refused: connect
ERR-	at it.thera.thip.cs.ObRun.RemotePlexCall$RMICall.getRMIFunction(RemotePlexCall.java:125)
ERR-	at it.thera.thip.cs.ObRun.RemotePlexCall$RMICall.callStartAccess(RemotePlexCall.java:192)
ERR-	at it.thera.thip.cs.ObRun.RemotePlexCall$RMICall.<init>(RemotePlexCall.java:137)
ERR-	at it.thera.thip.cs.ObRun.RemotePlexCall.<init>(RemotePlexCall.java:42)
ERR-	at it.thera.thip.cs.ObRun.RemotePlexCall.<init>(RemotePlexCall.java:32)
ERR-	at it.thera.thip.base.controlloFido.ClientiFido.elaboraImportiFinance(ClientiFido.java:498)
ERR-	at it.thera.thip.base.controlloFido.ClientiFido.getTotaleDispFidoReale(ClientiFido.java:283)
ERR-	at it.thera.thip.base.controlloFido.ClientiFido.aggiornaImportiFidoRiga(ClientiFido.java:1252)
ERR-	at it.thera.thip.vendite.documentoVE.DocumentoVenditaRiga.controlloFidoRiga(DocumentoVenditaRiga.java:6517)
ERR-	at it.thera.thip.base.comuniVenAcq.DocumentoOrdineRiga.checkFidoPreSave(DocumentoOrdineRiga.java:2415)
ERR-	at it.thera.thip.base.comuniVenAcq.DocumentoOrdineRiga.save(DocumentoOrdineRiga.java:2547)
ERR-	at it.thera.thip.vendite.documentoVE.DocumentoVenditaRiga.salvaRiga(DocumentoVenditaRiga.java:3069)
ERR-	at it.thera.thip.vendite.documentoVE.DocumentoVenRigaPrm.salvaRiga(DocumentoVenRigaPrm.java:720)
ERR-	at it.thera.thip.vendite.documentoVE.DocumentoVenditaRiga.save(DocumentoVenditaRiga.java:2618)
ERR-	at it.thera.thip.vendite.documentoVE.DocumentoVenRigaPrm.save(DocumentoVenRigaPrm.java:1189)
ERR-	at it.valvorobica.thip.vendite.documentoVE.YDocumentoVenRigaPrm.save(YDocumentoVenRigaPrm.java:153)
ERR-	at it.valvorobica.thip.logis.rf.gui.YProcessaListeCompattoRF.gestionePesoVariabile(YProcessaListeCompattoRF.java:2458)
ERR-	at it.valvorobica.thip.logis.rf.gui.YProcessaListeCompattoRF.controlloChiusura(YProcessaListeCompattoRF.java:2260)
ERR-	at it.valvorobica.thip.logis.rf.gui.YProcessaListeCompattoRF.esegui(YProcessaListeCompattoRF.java:327)
ERR-	at sun.reflect.NativeMethodAccessorImpl.invoke0(Native Method)
ERR-	at sun.reflect.NativeMethodAccessorImpl.invoke(NativeMethodAccessorImpl.java:62)
ERR-	at sun.reflect.DelegatingMethodAccessorImpl.invoke(DelegatingMethodAccessorImpl.java:43)
ERR-	at java.lang.reflect.Method.invoke(Method.java:498)
ERR-	at it.thera.thip.logis.rf.LogisLogin.apriMenuUtente(LogisLogin.java:505)
ERR-	at it.thera.thip.logis.rf.ThipLogin.start(ThipLogin.java:168)
ERR-	at sun.reflect.NativeMethodAccessorImpl.invoke0(Native Method)
ERR-	at sun.reflect.NativeMethodAccessorImpl.invoke(NativeMethodAccessorImpl.java:62)
ERR-	at sun.reflect.DelegatingMethodAccessorImpl.invoke(DelegatingMethodAccessorImpl.java:43)
ERR-	at java.lang.reflect.Method.invoke(Method.java:498)
ERR-	at com.thera.thermfw.rf.driver.DriverVT100.startApplication(DriverVT100.java:1515)
ERR-	at com.thera.thermfw.rf.driver.PortManager$Client.run(PortManager.java:763)
ERR-DFT 2023-12-21 15:57:46.176 [ADMIN_001] <Client - /127.0.0.1:60853>: Caused by: java.rmi.ConnectException: Connection refused to host: localhost; nested exception is: 
	java.net.ConnectException: Connection refused: connect
ERR-	at sun.rmi.transport.tcp.TCPEndpoint.newSocket(TCPEndpoint.java:619)
ERR-	at sun.rmi.transport.tcp.TCPChannel.createConnection(TCPChannel.java:216)
ERR-	at sun.rmi.transport.tcp.TCPChannel.newConnection(TCPChannel.java:202)
ERR-	at sun.rmi.server.UnicastRef.newCall(UnicastRef.java:338)
ERR-	at sun.rmi.registry.RegistryImpl_Stub.lookup(RegistryImpl_Stub.java:112)
ERR-	at it.thera.thip.cs.ObRun.RemotePlexCall$RMICall.getRMIFunction(RemotePlexCall.java:121)
ERR-DFT 2023-12-21 15:57:46.177 [ADMIN_001] <Client - /127.0.0.1:60853>: 	... 30 more
ERR-DFT 2023-12-21 15:57:46.177 [ADMIN_001] <Client - /127.0.0.1:60853>: Caused by: java.net.ConnectException: Connection refused: connect
ERR-	at java.net.DualStackPlainSocketImpl.connect0(Native Method)
ERR-	at java.net.DualStackPlainSocketImpl.socketConnect(DualStackPlainSocketImpl.java:79)
ERR-	at java.net.AbstractPlainSocketImpl.doConnect(AbstractPlainSocketImpl.java:350)
ERR-	at java.net.AbstractPlainSocketImpl.connectToAddress(AbstractPlainSocketImpl.java:206)
ERR-	at java.net.AbstractPlainSocketImpl.connect(AbstractPlainSocketImpl.java:188)
ERR-	at java.net.PlainSocketImpl.connect(PlainSocketImpl.java:172)
ERR-	at java.net.SocksSocketImpl.connect(SocksSocketImpl.java:392)
ERR-	at java.net.Socket.connect(Socket.java:589)
ERR-	at java.net.Socket.connect(Socket.java:538)
ERR-	at java.net.Socket.<init>(Socket.java:434)
ERR-	at java.net.Socket.<init>(Socket.java:211)
ERR-	at sun.rmi.transport.proxy.RMIDirectSocketFactory.createSocket(RMIDirectSocketFactory.java:40)
ERR-	at sun.rmi.transport.proxy.RMIMasterSocketFactory.createSocket(RMIMasterSocketFactory.java:148)
ERR-	at sun.rmi.transport.tcp.TCPEndpoint.newSocket(TCPEndpoint.java:613)
ERR-DFT 2023-12-21 15:57:46.177 [ADMIN_001] <Client - /127.0.0.1:60853>: 	... 35 more
ERR-DFT 2023-12-21 15:58:00.406 [ADMIN_001] <Client - /127.0.0.1:60853>: java.net.SocketException: Connection reset
ERR-	at java.net.SocketInputStream.read(SocketInputStream.java:210)
ERR-	at java.net.SocketInputStream.read(SocketInputStream.java:141)
ERR-	at sun.nio.cs.StreamDecoder.readBytes(StreamDecoder.java:284)
ERR-	at sun.nio.cs.StreamDecoder.implRead(StreamDecoder.java:326)
ERR-	at sun.nio.cs.StreamDecoder.read(StreamDecoder.java:178)
ERR-	at java.io.InputStreamReader.read(InputStreamReader.java:184)
ERR-	at java.io.BufferedReader.fill(BufferedReader.java:161)
ERR-	at java.io.BufferedReader.read(BufferedReader.java:182)
ERR-	at com.thera.thermfw.rf.driver.DriverVT100.readInput(DriverVT100.java:881)
ERR-	at com.thera.thermfw.rf.driver.WirelessApplication.readInput(WirelessApplication.java:87)
ERR-	at it.thera.thip.logis.rf.ThipLogin.start(ThipLogin.java:129)
ERR-	at sun.reflect.NativeMethodAccessorImpl.invoke0(Native Method)
ERR-	at sun.reflect.NativeMethodAccessorImpl.invoke(NativeMethodAccessorImpl.java:62)
ERR-	at sun.reflect.DelegatingMethodAccessorImpl.invoke(DelegatingMethodAccessorImpl.java:43)
ERR-	at java.lang.reflect.Method.invoke(Method.java:498)
ERR-	at com.thera.thermfw.rf.driver.DriverVT100.startApplication(DriverVT100.java:1515)
ERR-	at com.thera.thermfw.rf.driver.PortManager$Client.run(PortManager.java:763)
